2020-11-10 09:01:02.064 [main][INFO ] c.a.customs.sync.worker.App          org.springframework.boot.StartupInfoLogger[50]: Starting App v1.0 on dalong with PID 15184 (started by 59621 in D:\amisbook文档\接收程序-develop)
2020-11-10 09:01:02.069 [main][DEBUG] c.a.customs.sync.worker.App          org.springframework.boot.StartupInfoLogger[53]: Running with Spring Boot v2.0.2.RELEASE, Spring v5.0.6.RELEASE
2020-11-10 09:01:02.071 [main][INFO ] c.a.customs.sync.worker.App          org.springframework.boot.SpringApplication[663]: The following profiles are active: prod
2020-11-10 09:01:03.283 [main][DEBUG] o.m.s.mapper.ClassPathMapperScanner  org.springframework.context.annotation.ClassPathScanningCandidateComponentProvider[437]: Identified candidate component class: URL [jar:file:/D:/amisbook%e6%96%87%e6%a1%a3/%e6%8e%a5%e6%94%b6%e7%a8%8b%e5%ba%8f-develop/lib/x3platform-abstractions-0.1.0-SNAPSHOT.jar!/com/x3platform/digitalnumber/mappers/DigitalNumberMapper.class]
2020-11-10 09:01:03.284 [main][DEBUG] o.m.s.mapper.ClassPathMapperScanner  org.springframework.context.annotation.ClassPathScanningCandidateComponentProvider[437]: Identified candidate component class: URL [jar:file:/D:/amisbook%e6%96%87%e6%a1%a3/%e6%8e%a5%e6%94%b6%e7%a8%8b%e5%ba%8f-develop/lib/x3platform-apps-0.1.0-SNAPSHOT.jar!/com/x3platform/apps/mappers/ApplicationSettingGroupMapper.class]
2020-11-10 09:01:03.284 [main][DEBUG] o.m.s.mapper.ClassPathMapperScanner  org.springframework.context.annotation.ClassPathScanningCandidateComponentProvider[437]: Identified candidate component class: URL [jar:file:/D:/amisbook%e6%96%87%e6%a1%a3/%e6%8e%a5%e6%94%b6%e7%a8%8b%e5%ba%8f-develop/lib/x3platform-apps-0.1.0-SNAPSHOT.jar!/com/x3platform/apps/mappers/ApplicationMethodMapper.class]
2020-11-10 09:01:03.285 [main][DEBUG] o.m.s.mapper.ClassPathMapperScanner  org.springframework.context.annotation.ClassPathScanningCandidateComponentProvider[437]: Identified candidate component class: URL [jar:file:/D:/amisbook%e6%96%87%e6%a1%a3/%e6%8e%a5%e6%94%b6%e7%a8%8b%e5%ba%8f-develop/lib/x3platform-apps-0.1.0-SNAPSHOT.jar!/com/x3platform/apps/mappers/ApplicationSettingMapper.class]
2020-11-10 09:01:03.285 [main][DEBUG] o.m.s.mapper.ClassPathMapperScanner  org.springframework.context.annotation.ClassPathScanningCandidateComponentProvider[437]: Identified candidate component class: URL [jar:file:/D:/amisbook%e6%96%87%e6%a1%a3/%e6%8e%a5%e6%94%b6%e7%a8%8b%e5%ba%8f-develop/lib/x3platform-apps-0.1.0-SNAPSHOT.jar!/com/x3platform/apps/mappers/ApplicationEventMapper.class]
2020-11-10 09:01:03.286 [main][DEBUG] o.m.s.mapper.ClassPathMapperScanner  org.springframework.context.annotation.ClassPathScanningCandidateComponentProvider[437]: Identified candidate component class: URL [jar:file:/D:/amisbook%e6%96%87%e6%a1%a3/%e6%8e%a5%e6%94%b6%e7%a8%8b%e5%ba%8f-develop/lib/x3platform-apps-0.1.0-SNAPSHOT.jar!/com/x3platform/apps/mappers/ApplicationFeatureMapper.class]
2020-11-10 09:01:03.287 [main][DEBUG] o.m.s.mapper.ClassPathMapperScanner  org.springframework.context.annotation.ClassPathScanningCandidateComponentProvider[437]: Identified candidate component class: URL [jar:file:/D:/amisbook%e6%96%87%e6%a1%a3/%e6%8e%a5%e6%94%b6%e7%a8%8b%e5%ba%8f-develop/lib/x3platform-apps-0.1.0-SNAPSHOT.jar!/com/x3platform/apps/mappers/ApplicationOptionMapper.class]
2020-11-10 09:01:03.287 [main][DEBUG] o.m.s.mapper.ClassPathMapperScanner  org.springframework.context.annotation.ClassPathScanningCandidateComponentProvider[437]: Identified candidate component class: URL [jar:file:/D:/amisbook%e6%96%87%e6%a1%a3/%e6%8e%a5%e6%94%b6%e7%a8%8b%e5%ba%8f-develop/lib/x3platform-apps-0.1.0-SNAPSHOT.jar!/com/x3platform/apps/mappers/ApplicationMapper.class]
2020-11-10 09:01:03.287 [main][DEBUG] o.m.s.mapper.ClassPathMapperScanner  org.springframework.context.annotation.ClassPathScanningCandidateComponentProvider[437]: Identified candidate component class: URL [jar:file:/D:/amisbook%e6%96%87%e6%a1%a3/%e6%8e%a5%e6%94%b6%e7%a8%8b%e5%ba%8f-develop/lib/x3platform-apps-0.1.0-SNAPSHOT.jar!/com/x3platform/apps/mappers/ApplicationMenuMapper.class]
2020-11-10 09:01:03.288 [main][DEBUG] o.m.s.mapper.ClassPathMapperScanner  org.springframework.context.annotation.ClassPathScanningCandidateComponentProvider[437]: Identified candidate component class: URL [jar:file:/D:/amisbook%e6%96%87%e6%a1%a3/%e6%8e%a5%e6%94%b6%e7%a8%8b%e5%ba%8f-develop/lib/x3platform-connect-0.1.0-SNAPSHOT.jar!/com/x3platform/connect/mappers/ConnectCallMapper.class]
2020-11-10 09:01:03.288 [main][DEBUG] o.m.s.mapper.ClassPathMapperScanner  org.springframework.context.annotation.ClassPathScanningCandidateComponentProvider[437]: Identified candidate component class: URL [jar:file:/D:/amisbook%e6%96%87%e6%a1%a3/%e6%8e%a5%e6%94%b6%e7%a8%8b%e5%ba%8f-develop/lib/x3platform-connect-0.1.0-SNAPSHOT.jar!/com/x3platform/connect/mappers/ConnectAuthorizationCodeMapper.class]
2020-11-10 09:01:03.288 [main][DEBUG] o.m.s.mapper.ClassPathMapperScanner  org.springframework.context.annotation.ClassPathScanningCandidateComponentProvider[437]: Identified candidate component class: URL [jar:file:/D:/amisbook%e6%96%87%e6%a1%a3/%e6%8e%a5%e6%94%b6%e7%a8%8b%e5%ba%8f-develop/lib/x3platform-connect-0.1.0-SNAPSHOT.jar!/com/x3platform/connect/mappers/ConnectMapper.class]
2020-11-10 09:01:03.289 [main][DEBUG] o.m.s.mapper.ClassPathMapperScanner  org.springframework.context.annotation.ClassPathScanningCandidateComponentProvider[437]: Identified candidate component class: URL [jar:file:/D:/amisbook%e6%96%87%e6%a1%a3/%e6%8e%a5%e6%94%b6%e7%a8%8b%e5%ba%8f-develop/lib/x3platform-connect-0.1.0-SNAPSHOT.jar!/com/x3platform/connect/mappers/ConnectAccessTokenMapper.class]
2020-11-10 09:01:03.289 [main][DEBUG] o.m.s.mapper.ClassPathMapperScanner  org.springframework.context.annotation.ClassPathScanningCandidateComponentProvider[437]: Identified candidate component class: URL [jar:file:/D:/amisbook%e6%96%87%e6%a1%a3/%e6%8e%a5%e6%94%b6%e7%a8%8b%e5%ba%8f-develop/lib/x3platform-membership-0.1.0-SNAPSHOT.jar!/com/x3platform/membership/mappers/StandardRoleMapper.class]
2020-11-10 09:01:03.289 [main][DEBUG] o.m.s.mapper.ClassPathMapperScanner  org.springframework.context.annotation.ClassPathScanningCandidateComponentProvider[437]: Identified candidate component class: URL [jar:file:/D:/amisbook%e6%96%87%e6%a1%a3/%e6%8e%a5%e6%94%b6%e7%a8%8b%e5%ba%8f-develop/lib/x3platform-membership-0.1.0-SNAPSHOT.jar!/com/x3platform/membership/mappers/AccountBindingMapper.class]
2020-11-10 09:01:03.290 [main][DEBUG] o.m.s.mapper.ClassPathMapperScanner  org.springframework.context.annotation.ClassPathScanningCandidateComponentProvider[437]: Identified candidate component class: URL [jar:file:/D:/amisbook%e6%96%87%e6%a1%a3/%e6%8e%a5%e6%94%b6%e7%a8%8b%e5%ba%8f-develop/lib/x3platform-membership-0.1.0-SNAPSHOT.jar!/com/x3platform/membership/mappers/GroupMapper.class]
2020-11-10 09:01:03.290 [main][DEBUG] o.m.s.mapper.ClassPathMapperScanner  org.springframework.context.annotation.ClassPathScanningCandidateComponentProvider[437]: Identified candidate component class: URL [jar:file:/D:/amisbook%e6%96%87%e6%a1%a3/%e6%8e%a5%e6%94%b6%e7%a8%8b%e5%ba%8f-develop/lib/x3platform-membership-0.1.0-SNAPSHOT.jar!/com/x3platform/membership/mappers/StandardOrganizationUnitMapper.class]
2020-11-10 09:01:03.290 [main][DEBUG] o.m.s.mapper.ClassPathMapperScanner  org.springframework.context.annotation.ClassPathScanningCandidateComponentProvider[437]: Identified candidate component class: URL [jar:file:/D:/amisbook%e6%96%87%e6%a1%a3/%e6%8e%a5%e6%94%b6%e7%a8%8b%e5%ba%8f-develop/lib/x3platform-membership-0.1.0-SNAPSHOT.jar!/com/x3platform/membership/mappers/AccountLogMapper.class]
2020-11-10 09:01:03.291 [main][DEBUG] o.m.s.mapper.ClassPathMapperScanner  org.springframework.context.annotation.ClassPathScanningCandidateComponentProvider[437]: Identified candidate component class: URL [jar:file:/D:/amisbook%e6%96%87%e6%a1%a3/%e6%8e%a5%e6%94%b6%e7%a8%8b%e5%ba%8f-develop/lib/x3platform-membership-0.1.0-SNAPSHOT.jar!/com/x3platform/membership/mappers/OrganizationMapper.class]
2020-11-10 09:01:03.291 [main][DEBUG] o.m.s.mapper.ClassPathMapperScanner  org.springframework.context.annotation.ClassPathScanningCandidateComponentProvider[437]: Identified candidate component class: URL [jar:file:/D:/amisbook%e6%96%87%e6%a1%a3/%e6%8e%a5%e6%94%b6%e7%a8%8b%e5%ba%8f-develop/lib/x3platform-membership-0.1.0-SNAPSHOT.jar!/com/x3platform/membership/mappers/AccountMapper.class]
2020-11-10 09:01:03.291 [main][DEBUG] o.m.s.mapper.ClassPathMapperScanner  org.springframework.context.annotation.ClassPathScanningCandidateComponentProvider[437]: Identified candidate component class: URL [jar:file:/D:/amisbook%e6%96%87%e6%a1%a3/%e6%8e%a5%e6%94%b6%e7%a8%8b%e5%ba%8f-develop/lib/x3platform-membership-0.1.0-SNAPSHOT.jar!/com/x3platform/membership/mappers/RoleMapper.class]
2020-11-10 09:01:03.292 [main][DEBUG] o.m.s.mapper.ClassPathMapperScanner  org.springframework.context.annotation.ClassPathScanningCandidateComponentProvider[437]: Identified candidate component class: URL [jar:file:/D:/amisbook%e6%96%87%e6%a1%a3/%e6%8e%a5%e6%94%b6%e7%a8%8b%e5%ba%8f-develop/lib/x3platform-membership-0.1.0-SNAPSHOT.jar!/com/x3platform/membership/mappers/OrganizationUnitMapper.class]
2020-11-10 09:01:03.292 [main][DEBUG] o.m.s.mapper.ClassPathMapperScanner  org.springframework.context.annotation.ClassPathScanningCandidateComponentProvider[437]: Identified candidate component class: URL [jar:file:/D:/amisbook%e6%96%87%e6%a1%a3/%e6%8e%a5%e6%94%b6%e7%a8%8b%e5%ba%8f-develop/lib/x3platform-membership-0.1.0-SNAPSHOT.jar!/com/x3platform/membership/mappers/UserMapper.class]
2020-11-10 09:01:03.292 [main][DEBUG] o.m.s.mapper.ClassPathMapperScanner  org.springframework.context.annotation.ClassPathScanningCandidateComponentProvider[437]: Identified candidate component class: URL [jar:file:/D:/amisbook%e6%96%87%e6%a1%a3/%e6%8e%a5%e6%94%b6%e7%a8%8b%e5%ba%8f-develop/lib/x3platform-membership-0.1.0-SNAPSHOT.jar!/com/x3platform/membership/mappers/AuthorizationObjectMapper.class]
2020-11-10 09:01:03.293 [main][DEBUG] o.m.s.mapper.ClassPathMapperScanner  org.springframework.context.annotation.ClassPathScanningCandidateComponentProvider[437]: Identified candidate component class: URL [jar:file:/D:/amisbook%e6%96%87%e6%a1%a3/%e6%8e%a5%e6%94%b6%e7%a8%8b%e5%ba%8f-develop/lib/x3platform-sessions-0.1.0-SNAPSHOT.jar!/com/x3platform/sessions/mappers/TicketMapper.class]
2020-11-10 09:01:03.293 [main][DEBUG] o.m.s.mapper.ClassPathMapperScanner  org.springframework.context.annotation.ClassPathScanningCandidateComponentProvider[437]: Identified candidate component class: URL [jar:file:/D:/amisbook%e6%96%87%e6%a1%a3/%e6%8e%a5%e6%94%b6%e7%a8%8b%e5%ba%8f-develop/lib/x3platform-sync-0.1.0-SNAPSHOT.jar!/com/x3platform/sync/mappers/SyncQueueMapper.class]
2020-11-10 09:01:03.294 [main][DEBUG] o.m.s.mapper.ClassPathMapperScanner  org.springframework.context.annotation.ClassPathScanningCandidateComponentProvider[437]: Identified candidate component class: URL [jar:file:/D:/amisbook%e6%96%87%e6%a1%a3/%e6%8e%a5%e6%94%b6%e7%a8%8b%e5%ba%8f-develop/lib/x3platform-sync-0.1.0-SNAPSHOT.jar!/com/x3platform/sync/mappers/SyncSettingMapper.class]
2020-11-10 09:01:03.294 [main][DEBUG] o.m.s.mapper.ClassPathMapperScanner  org.springframework.context.annotation.ClassPathScanningCandidateComponentProvider[437]: Identified candidate component class: URL [jar:file:/D:/amisbook%e6%96%87%e6%a1%a3/%e6%8e%a5%e6%94%b6%e7%a8%8b%e5%ba%8f-develop/lib/x3platform-sync-0.1.0-SNAPSHOT.jar!/com/x3platform/sync/mappers/SyncPkgMapper.class]
2020-11-10 09:01:03.299 [main][DEBUG] o.m.s.mapper.ClassPathMapperScanner  org.springframework.context.annotation.ClassPathScanningCandidateComponentProvider[437]: Identified candidate component class: URL [jar:file:/D:/amisbook%e6%96%87%e6%a1%a3/%e6%8e%a5%e6%94%b6%e7%a8%8b%e5%ba%8f-develop/lib/x3platform-abstractions-0.1.0-SNAPSHOT.jar!/com/x3platform/data/storages/mappers/DataStorageNodeMapper.class]
2020-11-10 09:01:03.299 [main][DEBUG] o.m.s.mapper.ClassPathMapperScanner  org.springframework.context.annotation.ClassPathScanningCandidateComponentProvider[437]: Identified candidate component class: URL [jar:file:/D:/amisbook%e6%96%87%e6%a1%a3/%e6%8e%a5%e6%94%b6%e7%a8%8b%e5%ba%8f-develop/lib/x3platform-abstractions-0.1.0-SNAPSHOT.jar!/com/x3platform/data/storages/mappers/DataStorageSchemaMapper.class]
2020-11-10 09:01:03.301 [main][DEBUG] o.m.s.mapper.ClassPathMapperScanner  org.springframework.context.annotation.ClassPathScanningCandidateComponentProvider[437]: Identified candidate component class: URL [jar:file:/D:/amisbook%e6%96%87%e6%a1%a3/%e6%8e%a5%e6%94%b6%e7%a8%8b%e5%ba%8f-develop/lib/x3platform-abstractions-0.1.0-SNAPSHOT.jar!/com/x3platform/security/authority/mappers/AuthorityMapper.class]
2020-11-10 09:01:03.302 [main][DEBUG] o.m.s.mapper.ClassPathMapperScanner  org.springframework.context.annotation.ClassPathScanningCandidateComponentProvider[437]: Identified candidate component class: URL [jar:file:/D:/amisbook%e6%96%87%e6%a1%a3/%e6%8e%a5%e6%94%b6%e7%a8%8b%e5%ba%8f-develop/lib/x3platform-abstractions-0.1.0-SNAPSHOT.jar!/com/x3platform/security/verificationcode/mappers/VerificationCodeMapper.class]
2020-11-10 09:01:03.349 [main][DEBUG] o.m.s.mapper.ClassPathMapperScanner  org.springframework.context.annotation.ClassPathScanningCandidateComponentProvider[437]: Identified candidate component class: URL [jar:file:/D:/amisbook%e6%96%87%e6%a1%a3/%e6%8e%a5%e6%94%b6%e7%a8%8b%e5%ba%8f-develop/lib/amiintellect-customs-b2b-1.0.0-SNAPSHOT.jar!/com/amiintellect/customs/b2b/mappers/B2bImportMapper.class]
2020-11-10 09:01:03.350 [main][DEBUG] o.m.s.mapper.ClassPathMapperScanner  org.springframework.context.annotation.ClassPathScanningCandidateComponentProvider[437]: Identified candidate component class: URL [jar:file:/D:/amisbook%e6%96%87%e6%a1%a3/%e6%8e%a5%e6%94%b6%e7%a8%8b%e5%ba%8f-develop/lib/amiintellect-customs-b2b-1.0.0-SNAPSHOT.jar!/com/amiintellect/customs/b2b/mappers/B2bMessageHeadMapper.class]
2020-11-10 09:01:03.350 [main][DEBUG] o.m.s.mapper.ClassPathMapperScanner  org.springframework.context.annotation.ClassPathScanningCandidateComponentProvider[437]: Identified candidate component class: URL [jar:file:/D:/amisbook%e6%96%87%e6%a1%a3/%e6%8e%a5%e6%94%b6%e7%a8%8b%e5%ba%8f-develop/lib/amiintellect-customs-b2b-1.0.0-SNAPSHOT.jar!/com/amiintellect/customs/b2b/mappers/SasInvtHeadTypeMapper.class]
2020-11-10 09:01:03.351 [main][DEBUG] o.m.s.mapper.ClassPathMapperScanner  org.springframework.context.annotation.ClassPathScanningCandidateComponentProvider[437]: Identified candidate component class: URL [jar:file:/D:/amisbook%e6%96%87%e6%a1%a3/%e6%8e%a5%e6%94%b6%e7%a8%8b%e5%ba%8f-develop/lib/amiintellect-customs-b2b-1.0.0-SNAPSHOT.jar!/com/amiintellect/customs/b2b/mappers/SasInvtListTypeMapper.class]
2020-11-10 09:01:03.353 [main][DEBUG] o.m.s.mapper.ClassPathMapperScanner  org.mybatis.spring.mapper.ClassPathMapperScanner[180]: Creating MapperFactoryBean with name 'digitalNumberMapper' and 'com.x3platform.digitalnumber.mappers.DigitalNumberMapper' mapperInterface
2020-11-10 09:01:03.353 [main][DEBUG] o.m.s.mapper.ClassPathMapperScanner  org.mybatis.spring.mapper.ClassPathMapperScanner[216]: Enabling autowire by type for MapperFactoryBean with name 'digitalNumberMapper'.
2020-11-10 09:01:03.354 [main][DEBUG] o.m.s.mapper.ClassPathMapperScanner  org.mybatis.spring.mapper.ClassPathMapperScanner[180]: Creating MapperFactoryBean with name 'applicationSettingGroupMapper' and 'com.x3platform.apps.mappers.ApplicationSettingGroupMapper' mapperInterface
2020-11-10 09:01:03.355 [main][DEBUG] o.m.s.mapper.ClassPathMapperScanner  org.mybatis.spring.mapper.ClassPathMapperScanner[216]: Enabling autowire by type for MapperFactoryBean with name 'applicationSettingGroupMapper'.
2020-11-10 09:01:03.355 [main][DEBUG] o.m.s.mapper.ClassPathMapperScanner  org.mybatis.spring.mapper.ClassPathMapperScanner[180]: Creating MapperFactoryBean with name 'applicationMethodMapper' and 'com.x3platform.apps.mappers.ApplicationMethodMapper' mapperInterface
2020-11-10 09:01:03.356 [main][DEBUG] o.m.s.mapper.ClassPathMapperScanner  org.mybatis.spring.mapper.ClassPathMapperScanner[216]: Enabling autowire by type for MapperFactoryBean with name 'applicationMethodMapper'.
2020-11-10 09:01:03.356 [main][DEBUG] o.m.s.mapper.ClassPathMapperScanner  org.mybatis.spring.mapper.ClassPathMapperScanner[180]: Creating MapperFactoryBean with name 'applicationSettingMapper' and 'com.x3platform.apps.mappers.ApplicationSettingMapper' mapperInterface
2020-11-10 09:01:03.356 [main][DEBUG] o.m.s.mapper.ClassPathMapperScanner  org.mybatis.spring.mapper.ClassPathMapperScanner[216]: Enabling autowire by type for MapperFactoryBean with name 'applicationSettingMapper'.
2020-11-10 09:01:03.357 [main][DEBUG] o.m.s.mapper.ClassPathMapperScanner  org.mybatis.spring.mapper.ClassPathMapperScanner[180]: Creating MapperFactoryBean with name 'applicationEventMapper' and 'com.x3platform.apps.mappers.ApplicationEventMapper' mapperInterface
2020-11-10 09:01:03.357 [main][DEBUG] o.m.s.mapper.ClassPathMapperScanner  org.mybatis.spring.mapper.ClassPathMapperScanner[216]: Enabling autowire by type for MapperFactoryBean with name 'applicationEventMapper'.
2020-11-10 09:01:03.358 [main][DEBUG] o.m.s.mapper.ClassPathMapperScanner  org.mybatis.spring.mapper.ClassPathMapperScanner[180]: Creating MapperFactoryBean with name 'applicationFeatureMapper' and 'com.x3platform.apps.mappers.ApplicationFeatureMapper' mapperInterface
2020-11-10 09:01:03.359 [main][DEBUG] o.m.s.mapper.ClassPathMapperScanner  org.mybatis.spring.mapper.ClassPathMapperScanner[216]: Enabling autowire by type for MapperFactoryBean with name 'applicationFeatureMapper'.
2020-11-10 09:01:03.359 [main][DEBUG] o.m.s.mapper.ClassPathMapperScanner  org.mybatis.spring.mapper.ClassPathMapperScanner[180]: Creating MapperFactoryBean with name 'applicationOptionMapper' and 'com.x3platform.apps.mappers.ApplicationOptionMapper' mapperInterface
2020-11-10 09:01:03.360 [main][DEBUG] o.m.s.mapper.ClassPathMapperScanner  org.mybatis.spring.mapper.ClassPathMapperScanner[216]: Enabling autowire by type for MapperFactoryBean with name 'applicationOptionMapper'.
2020-11-10 09:01:03.361 [main][DEBUG] o.m.s.mapper.ClassPathMapperScanner  org.mybatis.spring.mapper.ClassPathMapperScanner[180]: Creating MapperFactoryBean with name 'applicationMapper' and 'com.x3platform.apps.mappers.ApplicationMapper' mapperInterface
2020-11-10 09:01:03.361 [main][DEBUG] o.m.s.mapper.ClassPathMapperScanner  org.mybatis.spring.mapper.ClassPathMapperScanner[216]: Enabling autowire by type for MapperFactoryBean with name 'applicationMapper'.
2020-11-10 09:01:03.362 [main][DEBUG] o.m.s.mapper.ClassPathMapperScanner  org.mybatis.spring.mapper.ClassPathMapperScanner[180]: Creating MapperFactoryBean with name 'applicationMenuMapper' and 'com.x3platform.apps.mappers.ApplicationMenuMapper' mapperInterface
2020-11-10 09:01:03.362 [main][DEBUG] o.m.s.mapper.ClassPathMapperScanner  org.mybatis.spring.mapper.ClassPathMapperScanner[216]: Enabling autowire by type for MapperFactoryBean with name 'applicationMenuMapper'.
2020-11-10 09:01:03.362 [main][DEBUG] o.m.s.mapper.ClassPathMapperScanner  org.mybatis.spring.mapper.ClassPathMapperScanner[180]: Creating MapperFactoryBean with name 'connectCallMapper' and 'com.x3platform.connect.mappers.ConnectCallMapper' mapperInterface
2020-11-10 09:01:03.363 [main][DEBUG] o.m.s.mapper.ClassPathMapperScanner  org.mybatis.spring.mapper.ClassPathMapperScanner[216]: Enabling autowire by type for MapperFactoryBean with name 'connectCallMapper'.
2020-11-10 09:01:03.363 [main][DEBUG] o.m.s.mapper.ClassPathMapperScanner  org.mybatis.spring.mapper.ClassPathMapperScanner[180]: Creating MapperFactoryBean with name 'connectAuthorizationCodeMapper' and 'com.x3platform.connect.mappers.ConnectAuthorizationCodeMapper' mapperInterface
2020-11-10 09:01:03.363 [main][DEBUG] o.m.s.mapper.ClassPathMapperScanner  org.mybatis.spring.mapper.ClassPathMapperScanner[216]: Enabling autowire by type for MapperFactoryBean with name 'connectAuthorizationCodeMapper'.
2020-11-10 09:01:03.364 [main][DEBUG] o.m.s.mapper.ClassPathMapperScanner  org.mybatis.spring.mapper.ClassPathMapperScanner[180]: Creating MapperFactoryBean with name 'connectMapper' and 'com.x3platform.connect.mappers.ConnectMapper' mapperInterface
2020-11-10 09:01:03.364 [main][DEBUG] o.m.s.mapper.ClassPathMapperScanner  org.mybatis.spring.mapper.ClassPathMapperScanner[216]: Enabling autowire by type for MapperFactoryBean with name 'connectMapper'.
2020-11-10 09:01:03.365 [main][DEBUG] o.m.s.mapper.ClassPathMapperScanner  org.mybatis.spring.mapper.ClassPathMapperScanner[180]: Creating MapperFactoryBean with name 'connectAccessTokenMapper' and 'com.x3platform.connect.mappers.ConnectAccessTokenMapper' mapperInterface
2020-11-10 09:01:03.365 [main][DEBUG] o.m.s.mapper.ClassPathMapperScanner  org.mybatis.spring.mapper.ClassPathMapperScanner[216]: Enabling autowire by type for MapperFactoryBean with name 'connectAccessTokenMapper'.
2020-11-10 09:01:03.365 [main][DEBUG] o.m.s.mapper.ClassPathMapperScanner  org.mybatis.spring.mapper.ClassPathMapperScanner[180]: Creating MapperFactoryBean with name 'standardRoleMapper' and 'com.x3platform.membership.mappers.StandardRoleMapper' mapperInterface
2020-11-10 09:01:03.366 [main][DEBUG] o.m.s.mapper.ClassPathMapperScanner  org.mybatis.spring.mapper.ClassPathMapperScanner[216]: Enabling autowire by type for MapperFactoryBean with name 'standardRoleMapper'.
2020-11-10 09:01:03.366 [main][DEBUG] o.m.s.mapper.ClassPathMapperScanner  org.mybatis.spring.mapper.ClassPathMapperScanner[180]: Creating MapperFactoryBean with name 'accountBindingMapper' and 'com.x3platform.membership.mappers.AccountBindingMapper' mapperInterface
2020-11-10 09:01:03.367 [main][DEBUG] o.m.s.mapper.ClassPathMapperScanner  org.mybatis.spring.mapper.ClassPathMapperScanner[216]: Enabling autowire by type for MapperFactoryBean with name 'accountBindingMapper'.
2020-11-10 09:01:03.367 [main][DEBUG] o.m.s.mapper.ClassPathMapperScanner  org.mybatis.spring.mapper.ClassPathMapperScanner[180]: Creating MapperFactoryBean with name 'groupMapper' and 'com.x3platform.membership.mappers.GroupMapper' mapperInterface
2020-11-10 09:01:03.367 [main][DEBUG] o.m.s.mapper.ClassPathMapperScanner  org.mybatis.spring.mapper.ClassPathMapperScanner[216]: Enabling autowire by type for MapperFactoryBean with name 'groupMapper'.
2020-11-10 09:01:03.368 [main][DEBUG] o.m.s.mapper.ClassPathMapperScanner  org.mybatis.spring.mapper.ClassPathMapperScanner[180]: Creating MapperFactoryBean with name 'standardOrganizationUnitMapper' and 'com.x3platform.membership.mappers.StandardOrganizationUnitMapper' mapperInterface
2020-11-10 09:01:03.368 [main][DEBUG] o.m.s.mapper.ClassPathMapperScanner  org.mybatis.spring.mapper.ClassPathMapperScanner[216]: Enabling autowire by type for MapperFactoryBean with name 'standardOrganizationUnitMapper'.
2020-11-10 09:01:03.369 [main][DEBUG] o.m.s.mapper.ClassPathMapperScanner  org.mybatis.spring.mapper.ClassPathMapperScanner[180]: Creating MapperFactoryBean with name 'accountLogMapper' and 'com.x3platform.membership.mappers.AccountLogMapper' mapperInterface
2020-11-10 09:01:03.369 [main][DEBUG] o.m.s.mapper.ClassPathMapperScanner  org.mybatis.spring.mapper.ClassPathMapperScanner[216]: Enabling autowire by type for MapperFactoryBean with name 'accountLogMapper'.
2020-11-10 09:01:03.369 [main][DEBUG] o.m.s.mapper.ClassPathMapperScanner  org.mybatis.spring.mapper.ClassPathMapperScanner[180]: Creating MapperFactoryBean with name 'organizationMapper' and 'com.x3platform.membership.mappers.OrganizationMapper' mapperInterface
2020-11-10 09:01:03.370 [main][DEBUG] o.m.s.mapper.ClassPathMapperScanner  org.mybatis.spring.mapper.ClassPathMapperScanner[216]: Enabling autowire by type for MapperFactoryBean with name 'organizationMapper'.
2020-11-10 09:01:03.370 [main][DEBUG] o.m.s.mapper.ClassPathMapperScanner  org.mybatis.spring.mapper.ClassPathMapperScanner[180]: Creating MapperFactoryBean with name 'accountMapper' and 'com.x3platform.membership.mappers.AccountMapper' mapperInterface
2020-11-10 09:01:03.371 [main][DEBUG] o.m.s.mapper.ClassPathMapperScanner  org.mybatis.spring.mapper.ClassPathMapperScanner[216]: Enabling autowire by type for MapperFactoryBean with name 'accountMapper'.
2020-11-10 09:01:03.371 [main][DEBUG] o.m.s.mapper.ClassPathMapperScanner  org.mybatis.spring.mapper.ClassPathMapperScanner[180]: Creating MapperFactoryBean with name 'roleMapper' and 'com.x3platform.membership.mappers.RoleMapper' mapperInterface
2020-11-10 09:01:03.371 [main][DEBUG] o.m.s.mapper.ClassPathMapperScanner  org.mybatis.spring.mapper.ClassPathMapperScanner[216]: Enabling autowire by type for MapperFactoryBean with name 'roleMapper'.
2020-11-10 09:01:03.372 [main][DEBUG] o.m.s.mapper.ClassPathMapperScanner  org.mybatis.spring.mapper.ClassPathMapperScanner[180]: Creating MapperFactoryBean with name 'organizationUnitMapper' and 'com.x3platform.membership.mappers.OrganizationUnitMapper' mapperInterface
2020-11-10 09:01:03.372 [main][DEBUG] o.m.s.mapper.ClassPathMapperScanner  org.mybatis.spring.mapper.ClassPathMapperScanner[216]: Enabling autowire by type for MapperFactoryBean with name 'organizationUnitMapper'.
2020-11-10 09:01:03.372 [main][DEBUG] o.m.s.mapper.ClassPathMapperScanner  org.mybatis.spring.mapper.ClassPathMapperScanner[180]: Creating MapperFactoryBean with name 'userMapper' and 'com.x3platform.membership.mappers.UserMapper' mapperInterface
2020-11-10 09:01:03.373 [main][DEBUG] o.m.s.mapper.ClassPathMapperScanner  org.mybatis.spring.mapper.ClassPathMapperScanner[216]: Enabling autowire by type for MapperFactoryBean with name 'userMapper'.
2020-11-10 09:01:03.373 [main][DEBUG] o.m.s.mapper.ClassPathMapperScanner  org.mybatis.spring.mapper.ClassPathMapperScanner[180]: Creating MapperFactoryBean with name 'authorizationObjectMapper' and 'com.x3platform.membership.mappers.AuthorizationObjectMapper' mapperInterface
2020-11-10 09:01:03.374 [main][DEBUG] o.m.s.mapper.ClassPathMapperScanner  org.mybatis.spring.mapper.ClassPathMapperScanner[216]: Enabling autowire by type for MapperFactoryBean with name 'authorizationObjectMapper'.
2020-11-10 09:01:03.374 [main][DEBUG] o.m.s.mapper.ClassPathMapperScanner  org.mybatis.spring.mapper.ClassPathMapperScanner[180]: Creating MapperFactoryBean with name 'ticketMapper' and 'com.x3platform.sessions.mappers.TicketMapper' mapperInterface
2020-11-10 09:01:03.374 [main][DEBUG] o.m.s.mapper.ClassPathMapperScanner  org.mybatis.spring.mapper.ClassPathMapperScanner[216]: Enabling autowire by type for MapperFactoryBean with name 'ticketMapper'.
2020-11-10 09:01:03.375 [main][DEBUG] o.m.s.mapper.ClassPathMapperScanner  org.mybatis.spring.mapper.ClassPathMapperScanner[180]: Creating MapperFactoryBean with name 'syncQueueMapper' and 'com.x3platform.sync.mappers.SyncQueueMapper' mapperInterface
2020-11-10 09:01:03.375 [main][DEBUG] o.m.s.mapper.ClassPathMapperScanner  org.mybatis.spring.mapper.ClassPathMapperScanner[216]: Enabling autowire by type for MapperFactoryBean with name 'syncQueueMapper'.
2020-11-10 09:01:03.375 [main][DEBUG] o.m.s.mapper.ClassPathMapperScanner  org.mybatis.spring.mapper.ClassPathMapperScanner[180]: Creating MapperFactoryBean with name 'syncSettingMapper' and 'com.x3platform.sync.mappers.SyncSettingMapper' mapperInterface
2020-11-10 09:01:03.375 [main][DEBUG] o.m.s.mapper.ClassPathMapperScanner  org.mybatis.spring.mapper.ClassPathMapperScanner[216]: Enabling autowire by type for MapperFactoryBean with name 'syncSettingMapper'.
2020-11-10 09:01:03.376 [main][DEBUG] o.m.s.mapper.ClassPathMapperScanner  org.mybatis.spring.mapper.ClassPathMapperScanner[180]: Creating MapperFactoryBean with name 'syncPkgMapper' and 'com.x3platform.sync.mappers.SyncPkgMapper' mapperInterface
2020-11-10 09:01:03.376 [main][DEBUG] o.m.s.mapper.ClassPathMapperScanner  org.mybatis.spring.mapper.ClassPathMapperScanner[216]: Enabling autowire by type for MapperFactoryBean with name 'syncPkgMapper'.
2020-11-10 09:01:03.376 [main][DEBUG] o.m.s.mapper.ClassPathMapperScanner  org.mybatis.spring.mapper.ClassPathMapperScanner[180]: Creating MapperFactoryBean with name 'dataStorageNodeMapper' and 'com.x3platform.data.storages.mappers.DataStorageNodeMapper' mapperInterface
2020-11-10 09:01:03.376 [main][DEBUG] o.m.s.mapper.ClassPathMapperScanner  org.mybatis.spring.mapper.ClassPathMapperScanner[216]: Enabling autowire by type for MapperFactoryBean with name 'dataStorageNodeMapper'.
2020-11-10 09:01:03.377 [main][DEBUG] o.m.s.mapper.ClassPathMapperScanner  org.mybatis.spring.mapper.ClassPathMapperScanner[180]: Creating MapperFactoryBean with name 'dataStorageSchemaMapper' and 'com.x3platform.data.storages.mappers.DataStorageSchemaMapper' mapperInterface
2020-11-10 09:01:03.377 [main][DEBUG] o.m.s.mapper.ClassPathMapperScanner  org.mybatis.spring.mapper.ClassPathMapperScanner[216]: Enabling autowire by type for MapperFactoryBean with name 'dataStorageSchemaMapper'.
2020-11-10 09:01:03.377 [main][DEBUG] o.m.s.mapper.ClassPathMapperScanner  org.mybatis.spring.mapper.ClassPathMapperScanner[180]: Creating MapperFactoryBean with name 'authorityMapper' and 'com.x3platform.security.authority.mappers.AuthorityMapper' mapperInterface
2020-11-10 09:01:03.377 [main][DEBUG] o.m.s.mapper.ClassPathMapperScanner  org.mybatis.spring.mapper.ClassPathMapperScanner[216]: Enabling autowire by type for MapperFactoryBean with name 'authorityMapper'.
2020-11-10 09:01:03.377 [main][DEBUG] o.m.s.mapper.ClassPathMapperScanner  org.mybatis.spring.mapper.ClassPathMapperScanner[180]: Creating MapperFactoryBean with name 'verificationCodeMapper' and 'com.x3platform.security.verificationcode.mappers.VerificationCodeMapper' mapperInterface
2020-11-10 09:01:03.378 [main][DEBUG] o.m.s.mapper.ClassPathMapperScanner  org.mybatis.spring.mapper.ClassPathMapperScanner[216]: Enabling autowire by type for MapperFactoryBean with name 'verificationCodeMapper'.
2020-11-10 09:01:03.378 [main][DEBUG] o.m.s.mapper.ClassPathMapperScanner  org.mybatis.spring.mapper.ClassPathMapperScanner[180]: Creating MapperFactoryBean with name 'b2bImportMapper' and 'com.amiintellect.customs.b2b.mappers.B2bImportMapper' mapperInterface
2020-11-10 09:01:03.378 [main][DEBUG] o.m.s.mapper.ClassPathMapperScanner  org.mybatis.spring.mapper.ClassPathMapperScanner[216]: Enabling autowire by type for MapperFactoryBean with name 'b2bImportMapper'.
2020-11-10 09:01:03.379 [main][DEBUG] o.m.s.mapper.ClassPathMapperScanner  org.mybatis.spring.mapper.ClassPathMapperScanner[180]: Creating MapperFactoryBean with name 'b2bMessageHeadMapper' and 'com.amiintellect.customs.b2b.mappers.B2bMessageHeadMapper' mapperInterface
2020-11-10 09:01:03.379 [main][DEBUG] o.m.s.mapper.ClassPathMapperScanner  org.mybatis.spring.mapper.ClassPathMapperScanner[216]: Enabling autowire by type for MapperFactoryBean with name 'b2bMessageHeadMapper'.
2020-11-10 09:01:03.379 [main][DEBUG] o.m.s.mapper.ClassPathMapperScanner  org.mybatis.spring.mapper.ClassPathMapperScanner[180]: Creating MapperFactoryBean with name 'sasInvtHeadTypeMapper' and 'com.amiintellect.customs.b2b.mappers.SasInvtHeadTypeMapper' mapperInterface
2020-11-10 09:01:03.380 [main][DEBUG] o.m.s.mapper.ClassPathMapperScanner  org.mybatis.spring.mapper.ClassPathMapperScanner[216]: Enabling autowire by type for MapperFactoryBean with name 'sasInvtHeadTypeMapper'.
2020-11-10 09:01:03.380 [main][DEBUG] o.m.s.mapper.ClassPathMapperScanner  org.mybatis.spring.mapper.ClassPathMapperScanner[180]: Creating MapperFactoryBean with name 'sasInvtListTypeMapper' and 'com.amiintellect.customs.b2b.mappers.SasInvtListTypeMapper' mapperInterface
2020-11-10 09:01:03.380 [main][DEBUG] o.m.s.mapper.ClassPathMapperScanner  org.mybatis.spring.mapper.ClassPathMapperScanner[216]: Enabling autowire by type for MapperFactoryBean with name 'sasInvtListTypeMapper'.
2020-11-10 09:01:03.383 [main][INFO ] com.x3platform.InternalLogger        com.x3platform.data.DynamicDataSourceRegister[97]: Dynamic DataSource Registry
2020-11-10 09:01:05.997 [main][DEBUG] o.m.spring.SqlSessionFactoryBean     org.mybatis.spring.SqlSessionFactoryBean[534]: Property 'mapperLocations' was not specified or no matching resources found
2020-11-10 09:01:06.276 [main][INFO ] com.x3platform.InternalLogger        com.x3platform.SpringContext[18]: Spring ApplicationContext registered
2020-11-10 09:01:06.315 [main][INFO ] com.x3platform.InternalLogger        com.amiintellect.customs.sync.worker.config.RabbitConfig[68]: RabbitMQ 开始建立连接。
2020-11-10 09:01:06.345 [main][INFO ] com.x3platform.InternalLogger        com.amiintellect.customs.sync.worker.config.RabbitConfig[77]: RabbitMQ 建立完成。
2020-11-10 09:01:19.304 [main][INFO ] com.x3platform.InternalLogger        com.x3platform.KernelContext[101]: AuthenticationManagementType:com.x3platform.security.authentication.LocalAuthenticationManagement
2020-11-10 09:01:25.604 [main][ERROR] com.x3platform.InternalLogger        com.amiintellect.customs.sync.worker.listeners.SchedulerApplicationListener[53]: SchedulerException
org.quartz.SchedulerConfigException: Failure occured during job recovery.
	at org.quartz.impl.jdbcjobstore.JobStoreSupport.schedulerStarted(JobStoreSupport.java:697)
	at org.quartz.core.QuartzScheduler.start(QuartzScheduler.java:539)
	at org.quartz.impl.StdScheduler.start(StdScheduler.java:142)
	at com.amiintellect.customs.sync.worker.listeners.SchedulerApplicationListener.onApplicationEvent(SchedulerApplicationListener.java:31)
	at com.amiintellect.customs.sync.worker.listeners.SchedulerApplicationListener.onApplicationEvent(SchedulerApplicationListener.java:19)
	at org.springframework.context.event.SimpleApplicationEventMulticaster.doInvokeListener(SimpleApplicationEventMulticaster.java:172)
	at org.springframework.context.event.SimpleApplicationEventMulticaster.invokeListener(SimpleApplicationEventMulticaster.java:165)
	at org.springframework.context.event.SimpleApplicationEventMulticaster.multicastEvent(SimpleApplicationEventMulticaster.java:139)
	at org.springframework.context.support.AbstractApplicationContext.publishEvent(AbstractApplicationContext.java:400)
	at org.springframework.context.support.AbstractApplicationContext.publishEvent(AbstractApplicationContext.java:354)
	at org.springframework.context.support.AbstractApplicationContext.finishRefresh(AbstractApplicationContext.java:888)
	at org.springframework.boot.web.servlet.context.ServletWebServerApplicationContext.finishRefresh(ServletWebServerApplicationContext.java:161)
	at org.springframework.context.support.AbstractApplicationContext.refresh(AbstractApplicationContext.java:553)
	at org.springframework.boot.web.servlet.context.ServletWebServerApplicationContext.refresh(ServletWebServerApplicationContext.java:140)
	at org.springframework.boot.SpringApplication.refresh(SpringApplication.java:759)
	at org.springframework.boot.SpringApplication.refreshContext(SpringApplication.java:395)
	at org.springframework.boot.SpringApplication.run(SpringApplication.java:327)
	at org.springframework.boot.SpringApplication.run(SpringApplication.java:1255)
	at org.springframework.boot.SpringApplication.run(SpringApplication.java:1243)
	at com.amiintellect.customs.sync.worker.App.main(App.java:65)
Caused by: org.quartz.JobPersistenceException: Couldn't store trigger 'com.amiintellect.customs.b2b.jobs.B2bFileResendJob' for 'com.amiintellect.customs.b2b.jobs.B2bFileResendJob' job:Couldn't retrieve job because a required class was not found: com.amiintellect.customs.b2b.jobs.B2bFileResendJob
	at org.quartz.impl.jdbcjobstore.JobStoreSupport.storeTrigger(JobStoreSupport.java:1228)
	at org.quartz.impl.jdbcjobstore.JobStoreSupport.doUpdateOfMisfiredTrigger(JobStoreSupport.java:1042)
	at org.quartz.impl.jdbcjobstore.JobStoreSupport.recoverMisfiredJobs(JobStoreSupport.java:991)
	at org.quartz.impl.jdbcjobstore.JobStoreSupport.recoverJobs(JobStoreSupport.java:871)
	at org.quartz.impl.jdbcjobstore.JobStoreSupport$1.executeVoid(JobStoreSupport.java:843)
	at org.quartz.impl.jdbcjobstore.JobStoreSupport$VoidTransactionCallback.execute(JobStoreSupport.java:3765)
	at org.quartz.impl.jdbcjobstore.JobStoreSupport$VoidTransactionCallback.execute(JobStoreSupport.java:3763)
	at org.quartz.impl.jdbcjobstore.JobStoreSupport.executeInNonManagedTXLock(JobStoreSupport.java:3849)
	at org.quartz.impl.jdbcjobstore.JobStoreSupport.recoverJobs(JobStoreSupport.java:839)
	at org.quartz.impl.jdbcjobstore.JobStoreSupport.schedulerStarted(JobStoreSupport.java:695)
	... 19 common frames omitted
Caused by: org.quartz.JobPersistenceException: Couldn't retrieve job because a required class was not found: com.amiintellect.customs.b2b.jobs.B2bFileResendJob
	at org.quartz.impl.jdbcjobstore.JobStoreSupport.retrieveJob(JobStoreSupport.java:1393)
	at org.quartz.impl.jdbcjobstore.JobStoreSupport.storeTrigger(JobStoreSupport.java:1210)
	... 28 common frames omitted
Caused by: java.lang.ClassNotFoundException: com.amiintellect.customs.b2b.jobs.B2bFileResendJob
	at java.net.URLClassLoader.findClass(URLClassLoader.java:381)
	at java.lang.ClassLoader.loadClass(ClassLoader.java:424)
	at sun.misc.Launcher$AppClassLoader.loadClass(Launcher.java:331)
	at java.lang.ClassLoader.loadClass(ClassLoader.java:357)
	at org.springframework.util.ClassUtils.forName(ClassUtils.java:274)
	at org.springframework.scheduling.quartz.ResourceLoaderClassLoadHelper.loadClass(ResourceLoaderClassLoadHelper.java:81)
	at org.springframework.scheduling.quartz.ResourceLoaderClassLoadHelper.loadClass(ResourceLoaderClassLoadHelper.java:86)
	at org.quartz.impl.jdbcjobstore.StdJDBCDelegate.selectJobDetail(StdJDBCDelegate.java:852)
	at org.quartz.impl.jdbcjobstore.JobStoreSupport.retrieveJob(JobStoreSupport.java:1390)
	... 29 common frames omitted
2020-11-10 09:01:25.608 [main][INFO ] com.x3platform.InternalLogger        com.amiintellect.customs.b2b.plugins.HuaDongImportListenPluginImpl[133]: RabbitMQ 获取到连接参数:{isCloud=false, rabbitAddress=rabbit.amiintellect.com, rabbitPort=5672, rabbitPassword=rabbit#6f4b83a6, rabbitUsername=rabbitadmin, rabbitVirtualHost=/, syncReveiceQueneName=10000003_5006640002_in_test}
2020-11-10 09:01:25.608 [main][INFO ] com.x3platform.InternalLogger        com.amiintellect.customs.b2b.plugins.HuaDongImportListenPluginImpl[135]: RabbitMQ 开始配置参数.
2020-11-10 09:01:25.608 [main][INFO ] com.x3platform.InternalLogger        com.amiintellect.customs.b2b.plugins.HuaDongImportListenPluginImpl[142]: RabbitMQ 配置参数完成.
2020-11-10 09:01:49.670 [main][ERROR] com.x3platform.InternalLogger        com.amiintellect.customs.b2b.plugins.HuaDongImportListenPluginImpl[245]: java.lang.Exception
java.net.ConnectException: Connection timed out: connect
	at java.net.DualStackPlainSocketImpl.waitForConnect(Native Method)
	at java.net.DualStackPlainSocketImpl.socketConnect(DualStackPlainSocketImpl.java:85)
	at java.net.AbstractPlainSocketImpl.doConnect(AbstractPlainSocketImpl.java:350)
	at java.net.AbstractPlainSocketImpl.connectToAddress(AbstractPlainSocketImpl.java:206)
	at java.net.AbstractPlainSocketImpl.connect(AbstractPlainSocketImpl.java:188)
	at java.net.PlainSocketImpl.connect(PlainSocketImpl.java:172)
	at java.net.SocksSocketImpl.connect(SocksSocketImpl.java:392)
	at java.net.Socket.connect(Socket.java:589)
	at com.rabbitmq.client.impl.SocketFrameHandlerFactory.create(SocketFrameHandlerFactory.java:60)
	at com.rabbitmq.client.impl.recovery.RecoveryAwareAMQConnectionFactory.newConnection(RecoveryAwareAMQConnectionFactory.java:62)
	at com.rabbitmq.client.impl.recovery.AutorecoveringConnection.init(AutorecoveringConnection.java:99)
	at com.rabbitmq.client.ConnectionFactory.newConnection(ConnectionFactory.java:948)
	at com.rabbitmq.client.ConnectionFactory.newConnection(ConnectionFactory.java:907)
	at com.rabbitmq.client.ConnectionFactory.newConnection(ConnectionFactory.java:865)
	at com.rabbitmq.client.ConnectionFactory.newConnection(ConnectionFactory.java:1018)
	at com.amiintellect.customs.b2b.plugins.HuaDongImportListenPluginImpl.start(HuaDongImportListenPluginImpl.java:145)
	at com.amiintellect.customs.sync.worker.listeners.PluginApplicationListener.onApplicationEvent(PluginApplicationListener.java:35)
	at com.amiintellect.customs.sync.worker.listeners.PluginApplicationListener.onApplicationEvent(PluginApplicationListener.java:16)
	at org.springframework.context.event.SimpleApplicationEventMulticaster.doInvokeListener(SimpleApplicationEventMulticaster.java:172)
	at org.springframework.context.event.SimpleApplicationEventMulticaster.invokeListener(SimpleApplicationEventMulticaster.java:165)
	at org.springframework.context.event.SimpleApplicationEventMulticaster.multicastEvent(SimpleApplicationEventMulticaster.java:139)
	at org.springframework.context.support.AbstractApplicationContext.publishEvent(AbstractApplicationContext.java:400)
	at org.springframework.context.support.AbstractApplicationContext.publishEvent(AbstractApplicationContext.java:354)
	at org.springframework.context.support.AbstractApplicationContext.finishRefresh(AbstractApplicationContext.java:888)
	at org.springframework.boot.web.servlet.context.ServletWebServerApplicationContext.finishRefresh(ServletWebServerApplicationContext.java:161)
	at org.springframework.context.support.AbstractApplicationContext.refresh(AbstractApplicationContext.java:553)
	at org.springframework.boot.web.servlet.context.ServletWebServerApplicationContext.refresh(ServletWebServerApplicationContext.java:140)
	at org.springframework.boot.SpringApplication.refresh(SpringApplication.java:759)
	at org.springframework.boot.SpringApplication.refreshContext(SpringApplication.java:395)
	at org.springframework.boot.SpringApplication.run(SpringApplication.java:327)
	at org.springframework.boot.SpringApplication.run(SpringApplication.java:1255)
	at org.springframework.boot.SpringApplication.run(SpringApplication.java:1243)
	at com.amiintellect.customs.sync.worker.App.main(App.java:65)
2020-11-10 09:01:49.728 [main][INFO ] c.a.customs.sync.worker.App          org.springframework.boot.StartupInfoLogger[59]: Started App in 48.136 seconds (JVM running for 51.238)
2020-11-10 09:01:49.732 [main][INFO ] com.x3platform.InternalLogger        com.amiintellect.customs.sync.worker.App[70]: Application com.amiintellect.customs.sync.worker.App 启动成功, 应用端口 0, 耗时 49.15 秒, 加载 Spring 组件 391 个.
Application Path: /D:/amisbook%e6%96%87%e6%a1%a3/%e6%8e%a5%e6%94%b6%e7%a8%8b%e5%ba%8f-develop/.
Application Version: 1.0.0-build.
2020-11-10 09:05:07.421 [messageContainer-1][INFO ] com.x3platform.InternalLogger        com.amiintellect.customs.sync.worker.config.RabbitConfig$1[105]: Consume receive msg: {"data":[{"belong_company_name":"","start_position":"","regular_expression":"[A-Z]{4}[0-9]{7}[ /]+","dimset":"","key_word":"运单箱号","y_max":0,"type":"way_info","x_min":0,"content_max":0,"number":"","content_rule":"","get_type":"","pz_type":"0","file_type":"way_bill","y_min":0,"col_multiple":"","x_max":0,"id":"98020103-188f-4ef3-a3dc-4d30cf69649d","aligned":"","get_type_str":"","key_position":0,"file_name":"运单文件","map_name":"container_no_way","customs_broker_id":"00000000-0000-0000-0000-000000000001","col_digit":"","is_one_use":"0","modified_date":"2020-11-10 09:02:46","keyword_type":1,"last_update_time":"2020-11-10 09:02:46","login_user":"管理员","is_use_python":"1","company_name":"bgd001","organization_id":"00000000-0000-0000-0000-000000000001","template_id":"","content_position":"下","status":1},{"belong_company_name":"","start_position":"","regular_expression":"","dimset":"","key_word":"规格型号","y_max":0,"type":"goods_info","x_min":0,"content_max":0,"number":"","content_rule":"","get_type":"","pz_type":"0","file_type":"way_bill","y_min":0,"col_multiple":"","x_max":0,"id":"c87fd892-f421-4773-8ca8-bb0cb960f412","aligned":"","get_type_str":"","key_position":1,"file_name":"运单文件","map_name":"declaration_element_s","customs_broker_id":"00000000-0000-0000-0000-000000000001","col_digit":"","is_one_use":"0","modified_date":"2020-11-10 09:03:01","keyword_type":1,"last_update_time":"2020-11-10 09:03:01","login_user":"管理员","is_use_python":"1","company_name":"bgd001","organization_id":"00000000-0000-0000-0000-000000000001","template_id":"","content_position":"下","status":1},{"belong_company_name":"","start_position":"","regular_expression":"","dimset":"","key_word":"集装箱号","y_max":0,"type":"container_info","x_min":0,"content_max":0,"number":"","content_rule":"","get_type":"","pz_type":"0","file_type":"box_list","y_min":0,"col_multiple":"","x_max":0,"id":"bfd81243-62ac-4a93-852d-f2b2684e8151","aligned":"","get_type_str":"","key_position":0,"file_name":"箱单文件","map_name":"container_no","customs_broker_id":"00000000-0000-0000-0000-000000000001","col_digit":"","is_one_use":"0","modified_date":"2020-11-10 09:03:57","keyword_type":1,"last_update_time":"2020-11-10 09:03:56","login_user":"管理员","is_use_python":"1","company_name":"bgd001","organization_id":"00000000-0000-0000-0000-000000000001","template_id":"","content_position":"下","status":1},{"belong_company_name":"","start_position":"","regular_expression":"","dimset":"","key_word":"规1格","y_max":0,"type":"way_info","x_min":0,"content_max":0,"number":"","content_rule":"","get_type":"","pz_type":"0","file_type":"way_bill","y_min":0,"col_multiple":"","x_max":0,"id":"a69d72ab-9852-47c7-a3fb-41ed2f1276a7","aligned":"","get_type_str":"","key_position":0,"file_name":"运单文件","map_name":"container_size","customs_broker_id":"00000000-0000-0000-0000-000000000001","col_digit":"","is_one_use":"0","modified_date":"2020-11-10 09:04:12","keyword_type":1,"last_update_time":"2020-11-10 09:04:11","login_user":"管理员","is_use_python":"1","company_name":"bgd001","organization_id":"00000000-0000-0000-0000-000000000001","template_id":"","content_position":"下","status":1},{"belong_company_name":"","start_position":"","regular_expression":"","dimset":"","key_word":"规2格","y_max":0,"type":"way_info","x_min":0,"content_max":0,"number":"","content_rule":"","get_type":"","pz_type":"0","file_type":"way_bill","y_min":0,"col_multiple":"","x_max":0,"id":"cb9b44d6-0187-40eb-9323-48b6bd8d9bba","aligned":"","get_type_str":"","key_position":0,"file_name":"运单文件","map_name":"container_size_way","customs_broker_id":"00000000-0000-0000-0000-000000000001","col_digit":"","is_one_use":"0","modified_date":"2020-11-10 09:04:24","keyword_type":1,"last_update_time":"2020-11-10 09:04:24","login_user":"管理员","is_use_python":"1","company_name":"bgd001","organization_id":"00000000-0000-0000-0000-000000000001","template_id":"","content_position":"下","status":1}],"data_source_name":"ami-customs","table_name":"ocr_key_set_config"}
2020-11-10 09:05:07.532 [messageContainer-1][INFO ] com.x3platform.InternalLogger        com.x3platform.sync.SyncContext[106]: 应用 sync 正在加载。
2020-11-10 09:05:07.534 [messageContainer-1][INFO ] com.x3platform.InternalLogger        com.x3platform.sync.SyncContext[117]: 应用 sync 已成功加载。
2020-11-10 09:05:07.609 [messageContainer-1][DEBUG] com.x3platform.InternalLogger        com.x3platform.sync.services.impl.SyncPkgServiceImpl[514]: sync data:{table name:ocr_key_set_config, row count:5}.
2020-11-10 09:05:07.616 [messageContainer-1][DEBUG] org.mybatis.spring.SqlSessionUtils   org.mybatis.spring.SqlSessionUtils[97]: Creating a new SqlSession
2020-11-10 09:05:07.621 [messageContainer-1][DEBUG] org.mybatis.spring.SqlSessionUtils   org.mybatis.spring.SqlSessionUtils[148]: SqlSession [org.apache.ibatis.session.defaults.DefaultSqlSession@103e16c] was not registered for synchronization because synchronization is not active
2020-11-10 09:05:19.042 [messageContainer-1][DEBUG] o.m.s.t.SpringManagedTransaction     org.mybatis.spring.transaction.SpringManagedTransaction[87]: JDBC Connection [com.mysql.jdbc.JDBC4Connection@1225ec4] will not be managed by Spring
2020-11-10 09:05:19.049 [messageContainer-1][DEBUG] c.x.s.mappers.SyncPkgMapper.syncData org.apache.ibatis.logging.jdbc.BaseJdbcLogger[159]: ==>  Preparing: INSERT INTO ocr_key_set_config ( belong_company_name , start_position , regular_expression , dimset , key_word , y_max , type , x_min , content_max , number , content_rule , get_type , pz_type , file_type , y_min , col_multiple , x_max , id , aligned , get_type_str , key_position , file_name , map_name , customs_broker_id , col_digit , is_one_use , modified_date , keyword_type , last_update_time , login_user , is_use_python , company_name , organization_id , template_id , content_position , status ) VALUES ( ? , ? , ? , ? , ? , ? , ? , ? , ? , ? , ? , ? , ? , ? , ? , ? , ? , ? , ? , ? , ? , ? , ? , ? , ? , ? , ? , ? , ? , ? , ? , ? , ? , ? , ? , ? ) ON DUPLICATE KEY UPDATE belong_company_name = ? , start_position = ? , regular_expression = ? , dimset = ? , key_word = ? , y_max = ? , type = ? , x_min = ? , content_max = ? , number = ? , content_rule = ? , get_type = ? , pz_type = ? , file_type = ? , y_min = ? , col_multiple = ? , x_max = ? , aligned = ? , get_type_str = ? , key_position = ? , file_name = ? , map_name = ? , customs_broker_id = ? , col_digit = ? , is_one_use = ? , modified_date = ? , keyword_type = ? , last_update_time = ? , login_user = ? , is_use_python = ? , company_name = ? , organization_id = ? , template_id = ? , content_position = ? , status = ? 
2020-11-10 09:05:19.067 [messageContainer-1][DEBUG] c.x.s.mappers.SyncPkgMapper.syncData org.apache.ibatis.logging.jdbc.BaseJdbcLogger[159]: ==> Parameters: (String), (String), [A-Z]{4}[0-9]{7}[ /]+(String), (String), 运单箱号(String), 0(Integer), way_info(String), 0(Integer), 0(Integer), (String), (String), (String), 0(String), way_bill(String), 0(Integer), (String), 0(Integer), 98020103-188f-4ef3-a3dc-4d30cf69649d(String), (String), (String), 0(Integer), 运单文件(String), container_no_way(String), 00000000-0000-0000-0000-000000000001(String), (String), 0(String), 2020-11-10 09:02:46(String), 1(Integer), 2020-11-10 09:02:46(String), 管理员(String), 1(String), bgd001(String), 00000000-0000-0000-0000-000000000001(String), (String), 下(String), 1(Integer), (String), (String), [A-Z]{4}[0-9]{7}[ /]+(String), (String), 运单箱号(String), 0(Integer), way_info(String), 0(Integer), 0(Integer), (String), (String), (String), 0(String), way_bill(String), 0(Integer), (String), 0(Integer), (String), (String), 0(Integer), 运单文件(String), container_no_way(String), 00000000-0000-0000-0000-000000000001(String), (String), 0(String), 2020-11-10 09:02:46(String), 1(Integer), 2020-11-10 09:02:46(String), 管理员(String), 1(String), bgd001(String), 00000000-0000-0000-0000-000000000001(String), (String), 下(String), 1(Integer)
2020-11-10 09:05:19.148 [messageContainer-1][DEBUG] c.x.s.mappers.SyncPkgMapper.syncData org.apache.ibatis.logging.jdbc.BaseJdbcLogger[159]: <==    Updates: 2
2020-11-10 09:05:19.149 [messageContainer-1][DEBUG] org.mybatis.spring.SqlSessionUtils   org.mybatis.spring.SqlSessionUtils[191]: Closing non transactional SqlSession [org.apache.ibatis.session.defaults.DefaultSqlSession@103e16c]
2020-11-10 09:05:19.151 [messageContainer-1][DEBUG] org.mybatis.spring.SqlSessionUtils   org.mybatis.spring.SqlSessionUtils[97]: Creating a new SqlSession
2020-11-10 09:05:19.151 [messageContainer-1][DEBUG] org.mybatis.spring.SqlSessionUtils   org.mybatis.spring.SqlSessionUtils[148]: SqlSession [org.apache.ibatis.session.defaults.DefaultSqlSession@1b28b11] was not registered for synchronization because synchronization is not active
2020-11-10 09:05:19.160 [messageContainer-1][DEBUG] o.m.s.t.SpringManagedTransaction     org.mybatis.spring.transaction.SpringManagedTransaction[87]: JDBC Connection [com.mysql.jdbc.JDBC4Connection@1225ec4] will not be managed by Spring
2020-11-10 09:05:19.162 [messageContainer-1][DEBUG] c.x.s.mappers.SyncPkgMapper.syncData org.apache.ibatis.logging.jdbc.BaseJdbcLogger[159]: ==>  Preparing: INSERT INTO ocr_key_set_config ( belong_company_name , start_position , regular_expression , dimset , key_word , y_max , type , x_min , content_max , number , content_rule , get_type , pz_type , file_type , y_min , col_multiple , x_max , id , aligned , get_type_str , key_position , file_name , map_name , customs_broker_id , col_digit , is_one_use , modified_date , keyword_type , last_update_time , login_user , is_use_python , company_name , organization_id , template_id , content_position , status ) VALUES ( ? , ? , ? , ? , ? , ? , ? , ? , ? , ? , ? , ? , ? , ? , ? , ? , ? , ? , ? , ? , ? , ? , ? , ? , ? , ? , ? , ? , ? , ? , ? , ? , ? , ? , ? , ? ) ON DUPLICATE KEY UPDATE belong_company_name = ? , start_position = ? , regular_expression = ? , dimset = ? , key_word = ? , y_max = ? , type = ? , x_min = ? , content_max = ? , number = ? , content_rule = ? , get_type = ? , pz_type = ? , file_type = ? , y_min = ? , col_multiple = ? , x_max = ? , aligned = ? , get_type_str = ? , key_position = ? , file_name = ? , map_name = ? , customs_broker_id = ? , col_digit = ? , is_one_use = ? , modified_date = ? , keyword_type = ? , last_update_time = ? , login_user = ? , is_use_python = ? , company_name = ? , organization_id = ? , template_id = ? , content_position = ? , status = ? 
2020-11-10 09:05:19.169 [messageContainer-1][DEBUG] c.x.s.mappers.SyncPkgMapper.syncData org.apache.ibatis.logging.jdbc.BaseJdbcLogger[159]: ==> Parameters: (String), (String), (String), (String), 规格型号(String), 0(Integer), goods_info(String), 0(Integer), 0(Integer), (String), (String), (String), 0(String), way_bill(String), 0(Integer), (String), 0(Integer), c87fd892-f421-4773-8ca8-bb0cb960f412(String), (String), (String), 1(Integer), 运单文件(String), declaration_element_s(String), 00000000-0000-0000-0000-000000000001(String), (String), 0(String), 2020-11-10 09:03:01(String), 1(Integer), 2020-11-10 09:03:01(String), 管理员(String), 1(String), bgd001(String), 00000000-0000-0000-0000-000000000001(String), (String), 下(String), 1(Integer), (String), (String), (String), (String), 规格型号(String), 0(Integer), goods_info(String), 0(Integer), 0(Integer), (String), (String), (String), 0(String), way_bill(String), 0(Integer), (String), 0(Integer), (String), (String), 1(Integer), 运单文件(String), declaration_element_s(String), 00000000-0000-0000-0000-000000000001(String), (String), 0(String), 2020-11-10 09:03:01(String), 1(Integer), 2020-11-10 09:03:01(String), 管理员(String), 1(String), bgd001(String), 00000000-0000-0000-0000-000000000001(String), (String), 下(String), 1(Integer)
2020-11-10 09:05:19.248 [messageContainer-1][DEBUG] c.x.s.mappers.SyncPkgMapper.syncData org.apache.ibatis.logging.jdbc.BaseJdbcLogger[159]: <==    Updates: 2
2020-11-10 09:05:19.249 [messageContainer-1][DEBUG] org.mybatis.spring.SqlSessionUtils   org.mybatis.spring.SqlSessionUtils[191]: Closing non transactional SqlSession [org.apache.ibatis.session.defaults.DefaultSqlSession@1b28b11]
2020-11-10 09:05:19.250 [messageContainer-1][DEBUG] org.mybatis.spring.SqlSessionUtils   org.mybatis.spring.SqlSessionUtils[97]: Creating a new SqlSession
2020-11-10 09:05:19.252 [messageContainer-1][DEBUG] org.mybatis.spring.SqlSessionUtils   org.mybatis.spring.SqlSessionUtils[148]: SqlSession [org.apache.ibatis.session.defaults.DefaultSqlSession@d12bd3] was not registered for synchronization because synchronization is not active
2020-11-10 09:05:19.265 [messageContainer-1][DEBUG] o.m.s.t.SpringManagedTransaction     org.mybatis.spring.transaction.SpringManagedTransaction[87]: JDBC Connection [com.mysql.jdbc.JDBC4Connection@1225ec4] will not be managed by Spring
2020-11-10 09:05:19.266 [messageContainer-1][DEBUG] c.x.s.mappers.SyncPkgMapper.syncData org.apache.ibatis.logging.jdbc.BaseJdbcLogger[159]: ==>  Preparing: INSERT INTO ocr_key_set_config ( belong_company_name , start_position , regular_expression , dimset , key_word , y_max , type , x_min , content_max , number , content_rule , get_type , pz_type , file_type , y_min , col_multiple , x_max , id , aligned , get_type_str , key_position , file_name , map_name , customs_broker_id , col_digit , is_one_use , modified_date , keyword_type , last_update_time , login_user , is_use_python , company_name , organization_id , template_id , content_position , status ) VALUES ( ? , ? , ? , ? , ? , ? , ? , ? , ? , ? , ? , ? , ? , ? , ? , ? , ? , ? , ? , ? , ? , ? , ? , ? , ? , ? , ? , ? , ? , ? , ? , ? , ? , ? , ? , ? ) ON DUPLICATE KEY UPDATE belong_company_name = ? , start_position = ? , regular_expression = ? , dimset = ? , key_word = ? , y_max = ? , type = ? , x_min = ? , content_max = ? , number = ? , content_rule = ? , get_type = ? , pz_type = ? , file_type = ? , y_min = ? , col_multiple = ? , x_max = ? , aligned = ? , get_type_str = ? , key_position = ? , file_name = ? , map_name = ? , customs_broker_id = ? , col_digit = ? , is_one_use = ? , modified_date = ? , keyword_type = ? , last_update_time = ? , login_user = ? , is_use_python = ? , company_name = ? , organization_id = ? , template_id = ? , content_position = ? , status = ? 
2020-11-10 09:05:19.273 [messageContainer-1][DEBUG] c.x.s.mappers.SyncPkgMapper.syncData org.apache.ibatis.logging.jdbc.BaseJdbcLogger[159]: ==> Parameters: (String), (String), (String), (String), 集装箱号(String), 0(Integer), container_info(String), 0(Integer), 0(Integer), (String), (String), (String), 0(String), box_list(String), 0(Integer), (String), 0(Integer), bfd81243-62ac-4a93-852d-f2b2684e8151(String), (String), (String), 0(Integer), 箱单文件(String), container_no(String), 00000000-0000-0000-0000-000000000001(String), (String), 0(String), 2020-11-10 09:03:57(String), 1(Integer), 2020-11-10 09:03:56(String), 管理员(String), 1(String), bgd001(String), 00000000-0000-0000-0000-000000000001(String), (String), 下(String), 1(Integer), (String), (String), (String), (String), 集装箱号(String), 0(Integer), container_info(String), 0(Integer), 0(Integer), (String), (String), (String), 0(String), box_list(String), 0(Integer), (String), 0(Integer), (String), (String), 0(Integer), 箱单文件(String), container_no(String), 00000000-0000-0000-0000-000000000001(String), (String), 0(String), 2020-11-10 09:03:57(String), 1(Integer), 2020-11-10 09:03:56(String), 管理员(String), 1(String), bgd001(String), 00000000-0000-0000-0000-000000000001(String), (String), 下(String), 1(Integer)
2020-11-10 09:05:19.350 [messageContainer-1][DEBUG] c.x.s.mappers.SyncPkgMapper.syncData org.apache.ibatis.logging.jdbc.BaseJdbcLogger[159]: <==    Updates: 2
2020-11-10 09:05:19.351 [messageContainer-1][DEBUG] org.mybatis.spring.SqlSessionUtils   org.mybatis.spring.SqlSessionUtils[191]: Closing non transactional SqlSession [org.apache.ibatis.session.defaults.DefaultSqlSession@d12bd3]
2020-11-10 09:05:19.353 [messageContainer-1][DEBUG] org.mybatis.spring.SqlSessionUtils   org.mybatis.spring.SqlSessionUtils[97]: Creating a new SqlSession
2020-11-10 09:05:19.353 [messageContainer-1][DEBUG] org.mybatis.spring.SqlSessionUtils   org.mybatis.spring.SqlSessionUtils[148]: SqlSession [org.apache.ibatis.session.defaults.DefaultSqlSession@19c3b41] was not registered for synchronization because synchronization is not active
2020-11-10 09:05:19.362 [messageContainer-1][DEBUG] o.m.s.t.SpringManagedTransaction     org.mybatis.spring.transaction.SpringManagedTransaction[87]: JDBC Connection [com.mysql.jdbc.JDBC4Connection@1225ec4] will not be managed by Spring
2020-11-10 09:05:19.363 [messageContainer-1][DEBUG] c.x.s.mappers.SyncPkgMapper.syncData org.apache.ibatis.logging.jdbc.BaseJdbcLogger[159]: ==>  Preparing: INSERT INTO ocr_key_set_config ( belong_company_name , start_position , regular_expression , dimset , key_word , y_max , type , x_min , content_max , number , content_rule , get_type , pz_type , file_type , y_min , col_multiple , x_max , id , aligned , get_type_str , key_position , file_name , map_name , customs_broker_id , col_digit , is_one_use , modified_date , keyword_type , last_update_time , login_user , is_use_python , company_name , organization_id , template_id , content_position , status ) VALUES ( ? , ? , ? , ? , ? , ? , ? , ? , ? , ? , ? , ? , ? , ? , ? , ? , ? , ? , ? , ? , ? , ? , ? , ? , ? , ? , ? , ? , ? , ? , ? , ? , ? , ? , ? , ? ) ON DUPLICATE KEY UPDATE belong_company_name = ? , start_position = ? , regular_expression = ? , dimset = ? , key_word = ? , y_max = ? , type = ? , x_min = ? , content_max = ? , number = ? , content_rule = ? , get_type = ? , pz_type = ? , file_type = ? , y_min = ? , col_multiple = ? , x_max = ? , aligned = ? , get_type_str = ? , key_position = ? , file_name = ? , map_name = ? , customs_broker_id = ? , col_digit = ? , is_one_use = ? , modified_date = ? , keyword_type = ? , last_update_time = ? , login_user = ? , is_use_python = ? , company_name = ? , organization_id = ? , template_id = ? , content_position = ? , status = ? 
2020-11-10 09:05:19.369 [messageContainer-1][DEBUG] c.x.s.mappers.SyncPkgMapper.syncData org.apache.ibatis.logging.jdbc.BaseJdbcLogger[159]: ==> Parameters: (String), (String), (String), (String), 规1格(String), 0(Integer), way_info(String), 0(Integer), 0(Integer), (String), (String), (String), 0(String), way_bill(String), 0(Integer), (String), 0(Integer), a69d72ab-9852-47c7-a3fb-41ed2f1276a7(String), (String), (String), 0(Integer), 运单文件(String), container_size(String), 00000000-0000-0000-0000-000000000001(String), (String), 0(String), 2020-11-10 09:04:12(String), 1(Integer), 2020-11-10 09:04:11(String), 管理员(String), 1(String), bgd001(String), 00000000-0000-0000-0000-000000000001(String), (String), 下(String), 1(Integer), (String), (String), (String), (String), 规1格(String), 0(Integer), way_info(String), 0(Integer), 0(Integer), (String), (String), (String), 0(String), way_bill(String), 0(Integer), (String), 0(Integer), (String), (String), 0(Integer), 运单文件(String), container_size(String), 00000000-0000-0000-0000-000000000001(String), (String), 0(String), 2020-11-10 09:04:12(String), 1(Integer), 2020-11-10 09:04:11(String), 管理员(String), 1(String), bgd001(String), 00000000-0000-0000-0000-000000000001(String), (String), 下(String), 1(Integer)
2020-11-10 09:05:19.445 [messageContainer-1][DEBUG] c.x.s.mappers.SyncPkgMapper.syncData org.apache.ibatis.logging.jdbc.BaseJdbcLogger[159]: <==    Updates: 2
2020-11-10 09:05:19.446 [messageContainer-1][DEBUG] org.mybatis.spring.SqlSessionUtils   org.mybatis.spring.SqlSessionUtils[191]: Closing non transactional SqlSession [org.apache.ibatis.session.defaults.DefaultSqlSession@19c3b41]
2020-11-10 09:05:19.447 [messageContainer-1][DEBUG] org.mybatis.spring.SqlSessionUtils   org.mybatis.spring.SqlSessionUtils[97]: Creating a new SqlSession
2020-11-10 09:05:19.448 [messageContainer-1][DEBUG] org.mybatis.spring.SqlSessionUtils   org.mybatis.spring.SqlSessionUtils[148]: SqlSession [org.apache.ibatis.session.defaults.DefaultSqlSession@70d54d] was not registered for synchronization because synchronization is not active
2020-11-10 09:05:19.455 [messageContainer-1][DEBUG] o.m.s.t.SpringManagedTransaction     org.mybatis.spring.transaction.SpringManagedTransaction[87]: JDBC Connection [com.mysql.jdbc.JDBC4Connection@1225ec4] will not be managed by Spring
2020-11-10 09:05:19.456 [messageContainer-1][DEBUG] c.x.s.mappers.SyncPkgMapper.syncData org.apache.ibatis.logging.jdbc.BaseJdbcLogger[159]: ==>  Preparing: INSERT INTO ocr_key_set_config ( belong_company_name , start_position , regular_expression , dimset , key_word , y_max , type , x_min , content_max , number , content_rule , get_type , pz_type , file_type , y_min , col_multiple , x_max , id , aligned , get_type_str , key_position , file_name , map_name , customs_broker_id , col_digit , is_one_use , modified_date , keyword_type , last_update_time , login_user , is_use_python , company_name , organization_id , template_id , content_position , status ) VALUES ( ? , ? , ? , ? , ? , ? , ? , ? , ? , ? , ? , ? , ? , ? , ? , ? , ? , ? , ? , ? , ? , ? , ? , ? , ? , ? , ? , ? , ? , ? , ? , ? , ? , ? , ? , ? ) ON DUPLICATE KEY UPDATE belong_company_name = ? , start_position = ? , regular_expression = ? , dimset = ? , key_word = ? , y_max = ? , type = ? , x_min = ? , content_max = ? , number = ? , content_rule = ? , get_type = ? , pz_type = ? , file_type = ? , y_min = ? , col_multiple = ? , x_max = ? , aligned = ? , get_type_str = ? , key_position = ? , file_name = ? , map_name = ? , customs_broker_id = ? , col_digit = ? , is_one_use = ? , modified_date = ? , keyword_type = ? , last_update_time = ? , login_user = ? , is_use_python = ? , company_name = ? , organization_id = ? , template_id = ? , content_position = ? , status = ? 
2020-11-10 09:05:19.462 [messageContainer-1][DEBUG] c.x.s.mappers.SyncPkgMapper.syncData org.apache.ibatis.logging.jdbc.BaseJdbcLogger[159]: ==> Parameters: (String), (String), (String), (String), 规2格(String), 0(Integer), way_info(String), 0(Integer), 0(Integer), (String), (String), (String), 0(String), way_bill(String), 0(Integer), (String), 0(Integer), cb9b44d6-0187-40eb-9323-48b6bd8d9bba(String), (String), (String), 0(Integer), 运单文件(String), container_size_way(String), 00000000-0000-0000-0000-000000000001(String), (String), 0(String), 2020-11-10 09:04:24(String), 1(Integer), 2020-11-10 09:04:24(String), 管理员(String), 1(String), bgd001(String), 00000000-0000-0000-0000-000000000001(String), (String), 下(String), 1(Integer), (String), (String), (String), (String), 规2格(String), 0(Integer), way_info(String), 0(Integer), 0(Integer), (String), (String), (String), 0(String), way_bill(String), 0(Integer), (String), 0(Integer), (String), (String), 0(Integer), 运单文件(String), container_size_way(String), 00000000-0000-0000-0000-000000000001(String), (String), 0(String), 2020-11-10 09:04:24(String), 1(Integer), 2020-11-10 09:04:24(String), 管理员(String), 1(String), bgd001(String), 00000000-0000-0000-0000-000000000001(String), (String), 下(String), 1(Integer)
2020-11-10 09:05:19.540 [messageContainer-1][DEBUG] c.x.s.mappers.SyncPkgMapper.syncData org.apache.ibatis.logging.jdbc.BaseJdbcLogger[159]: <==    Updates: 1
2020-11-10 09:05:19.541 [messageContainer-1][DEBUG] org.mybatis.spring.SqlSessionUtils   org.mybatis.spring.SqlSessionUtils[191]: Closing non transactional SqlSession [org.apache.ibatis.session.defaults.DefaultSqlSession@70d54d]
2020-11-10 09:05:19.542 [messageContainer-1][DEBUG] com.x3platform.InternalLogger        com.x3platform.sync.services.impl.SyncPkgServiceImpl[532]: sync data:{table name:ocr_key_set_config} finished.
2020-11-10 09:25:50.009 [scheduler_QuartzSchedulerThread][ERROR] o.q.impl.jdbcjobstore.JobStoreTX     org.quartz.impl.jdbcjobstore.JobStoreSupport[2867]: Error retrieving job, setting trigger state to ERROR.
org.quartz.JobPersistenceException: Couldn't retrieve job because a required class was not found: com.amiintellect.customs.b2b.jobs.B2bFileResendJob
	at org.quartz.impl.jdbcjobstore.JobStoreSupport.retrieveJob(JobStoreSupport.java:1393)
	at org.quartz.impl.jdbcjobstore.JobStoreSupport.acquireNextTrigger(JobStoreSupport.java:2864)
	at org.quartz.impl.jdbcjobstore.JobStoreSupport$41.execute(JobStoreSupport.java:2805)
	at org.quartz.impl.jdbcjobstore.JobStoreSupport$41.execute(JobStoreSupport.java:2803)
	at org.quartz.impl.jdbcjobstore.JobStoreSupport.executeInNonManagedTXLock(JobStoreSupport.java:3849)
	at org.quartz.impl.jdbcjobstore.JobStoreSupport.acquireNextTriggers(JobStoreSupport.java:2802)
	at org.quartz.core.QuartzSchedulerThread.run(QuartzSchedulerThread.java:287)
Caused by: java.lang.ClassNotFoundException: com.amiintellect.customs.b2b.jobs.B2bFileResendJob
	at java.net.URLClassLoader.findClass(URLClassLoader.java:381)
	at java.lang.ClassLoader.loadClass(ClassLoader.java:424)
	at sun.misc.Launcher$AppClassLoader.loadClass(Launcher.java:331)
	at java.lang.ClassLoader.loadClass(ClassLoader.java:357)
	at org.springframework.util.ClassUtils.forName(ClassUtils.java:274)
	at org.springframework.scheduling.quartz.ResourceLoaderClassLoadHelper.loadClass(ResourceLoaderClassLoadHelper.java:81)
	at org.springframework.scheduling.quartz.ResourceLoaderClassLoadHelper.loadClass(ResourceLoaderClassLoadHelper.java:86)
	at org.quartz.impl.jdbcjobstore.StdJDBCDelegate.selectJobDetail(StdJDBCDelegate.java:852)
	at org.quartz.impl.jdbcjobstore.JobStoreSupport.retrieveJob(JobStoreSupport.java:1390)
	... 6 common frames omitted
