2020-11-25 14:57:22.928 [main][INFO ] c.a.customs.sync.worker.App          org.springframework.boot.StartupInfoLogger[50]: Starting App v1.0 on dalong with PID 11280 (started by 59621 in D:\amisbook文档\接收程序-develop)
2020-11-25 14:57:22.932 [main][DEBUG] c.a.customs.sync.worker.App          org.springframework.boot.StartupInfoLogger[53]: Running with Spring Boot v2.0.2.RELEASE, Spring v5.0.6.RELEASE
2020-11-25 14:57:22.934 [main][INFO ] c.a.customs.sync.worker.App          org.springframework.boot.SpringApplication[663]: The following profiles are active: prod
2020-11-25 14:57:24.119 [main][DEBUG] o.m.s.mapper.ClassPathMapperScanner  org.springframework.context.annotation.ClassPathScanningCandidateComponentProvider[437]: Identified candidate component class: URL [jar:file:/D:/amisbook%e6%96%87%e6%a1%a3/%e6%8e%a5%e6%94%b6%e7%a8%8b%e5%ba%8f-develop/lib/x3platform-abstractions-0.1.0-SNAPSHOT.jar!/com/x3platform/digitalnumber/mappers/DigitalNumberMapper.class]
2020-11-25 14:57:24.120 [main][DEBUG] o.m.s.mapper.ClassPathMapperScanner  org.springframework.context.annotation.ClassPathScanningCandidateComponentProvider[437]: Identified candidate component class: URL [jar:file:/D:/amisbook%e6%96%87%e6%a1%a3/%e6%8e%a5%e6%94%b6%e7%a8%8b%e5%ba%8f-develop/lib/x3platform-apps-0.1.0-SNAPSHOT.jar!/com/x3platform/apps/mappers/ApplicationSettingGroupMapper.class]
2020-11-25 14:57:24.120 [main][DEBUG] o.m.s.mapper.ClassPathMapperScanner  org.springframework.context.annotation.ClassPathScanningCandidateComponentProvider[437]: Identified candidate component class: URL [jar:file:/D:/amisbook%e6%96%87%e6%a1%a3/%e6%8e%a5%e6%94%b6%e7%a8%8b%e5%ba%8f-develop/lib/x3platform-apps-0.1.0-SNAPSHOT.jar!/com/x3platform/apps/mappers/ApplicationMethodMapper.class]
2020-11-25 14:57:24.121 [main][DEBUG] o.m.s.mapper.ClassPathMapperScanner  org.springframework.context.annotation.ClassPathScanningCandidateComponentProvider[437]: Identified candidate component class: URL [jar:file:/D:/amisbook%e6%96%87%e6%a1%a3/%e6%8e%a5%e6%94%b6%e7%a8%8b%e5%ba%8f-develop/lib/x3platform-apps-0.1.0-SNAPSHOT.jar!/com/x3platform/apps/mappers/ApplicationSettingMapper.class]
2020-11-25 14:57:24.121 [main][DEBUG] o.m.s.mapper.ClassPathMapperScanner  org.springframework.context.annotation.ClassPathScanningCandidateComponentProvider[437]: Identified candidate component class: URL [jar:file:/D:/amisbook%e6%96%87%e6%a1%a3/%e6%8e%a5%e6%94%b6%e7%a8%8b%e5%ba%8f-develop/lib/x3platform-apps-0.1.0-SNAPSHOT.jar!/com/x3platform/apps/mappers/ApplicationEventMapper.class]
2020-11-25 14:57:24.122 [main][DEBUG] o.m.s.mapper.ClassPathMapperScanner  org.springframework.context.annotation.ClassPathScanningCandidateComponentProvider[437]: Identified candidate component class: URL [jar:file:/D:/amisbook%e6%96%87%e6%a1%a3/%e6%8e%a5%e6%94%b6%e7%a8%8b%e5%ba%8f-develop/lib/x3platform-apps-0.1.0-SNAPSHOT.jar!/com/x3platform/apps/mappers/ApplicationFeatureMapper.class]
2020-11-25 14:57:24.122 [main][DEBUG] o.m.s.mapper.ClassPathMapperScanner  org.springframework.context.annotation.ClassPathScanningCandidateComponentProvider[437]: Identified candidate component class: URL [jar:file:/D:/amisbook%e6%96%87%e6%a1%a3/%e6%8e%a5%e6%94%b6%e7%a8%8b%e5%ba%8f-develop/lib/x3platform-apps-0.1.0-SNAPSHOT.jar!/com/x3platform/apps/mappers/ApplicationOptionMapper.class]
2020-11-25 14:57:24.125 [main][DEBUG] o.m.s.mapper.ClassPathMapperScanner  org.springframework.context.annotation.ClassPathScanningCandidateComponentProvider[437]: Identified candidate component class: URL [jar:file:/D:/amisbook%e6%96%87%e6%a1%a3/%e6%8e%a5%e6%94%b6%e7%a8%8b%e5%ba%8f-develop/lib/x3platform-apps-0.1.0-SNAPSHOT.jar!/com/x3platform/apps/mappers/ApplicationMapper.class]
2020-11-25 14:57:24.127 [main][DEBUG] o.m.s.mapper.ClassPathMapperScanner  org.springframework.context.annotation.ClassPathScanningCandidateComponentProvider[437]: Identified candidate component class: URL [jar:file:/D:/amisbook%e6%96%87%e6%a1%a3/%e6%8e%a5%e6%94%b6%e7%a8%8b%e5%ba%8f-develop/lib/x3platform-apps-0.1.0-SNAPSHOT.jar!/com/x3platform/apps/mappers/ApplicationMenuMapper.class]
2020-11-25 14:57:24.128 [main][DEBUG] o.m.s.mapper.ClassPathMapperScanner  org.springframework.context.annotation.ClassPathScanningCandidateComponentProvider[437]: Identified candidate component class: URL [jar:file:/D:/amisbook%e6%96%87%e6%a1%a3/%e6%8e%a5%e6%94%b6%e7%a8%8b%e5%ba%8f-develop/lib/x3platform-connect-0.1.0-SNAPSHOT.jar!/com/x3platform/connect/mappers/ConnectCallMapper.class]
2020-11-25 14:57:24.129 [main][DEBUG] o.m.s.mapper.ClassPathMapperScanner  org.springframework.context.annotation.ClassPathScanningCandidateComponentProvider[437]: Identified candidate component class: URL [jar:file:/D:/amisbook%e6%96%87%e6%a1%a3/%e6%8e%a5%e6%94%b6%e7%a8%8b%e5%ba%8f-develop/lib/x3platform-connect-0.1.0-SNAPSHOT.jar!/com/x3platform/connect/mappers/ConnectAuthorizationCodeMapper.class]
2020-11-25 14:57:24.133 [main][DEBUG] o.m.s.mapper.ClassPathMapperScanner  org.springframework.context.annotation.ClassPathScanningCandidateComponentProvider[437]: Identified candidate component class: URL [jar:file:/D:/amisbook%e6%96%87%e6%a1%a3/%e6%8e%a5%e6%94%b6%e7%a8%8b%e5%ba%8f-develop/lib/x3platform-connect-0.1.0-SNAPSHOT.jar!/com/x3platform/connect/mappers/ConnectMapper.class]
2020-11-25 14:57:24.134 [main][DEBUG] o.m.s.mapper.ClassPathMapperScanner  org.springframework.context.annotation.ClassPathScanningCandidateComponentProvider[437]: Identified candidate component class: URL [jar:file:/D:/amisbook%e6%96%87%e6%a1%a3/%e6%8e%a5%e6%94%b6%e7%a8%8b%e5%ba%8f-develop/lib/x3platform-connect-0.1.0-SNAPSHOT.jar!/com/x3platform/connect/mappers/ConnectAccessTokenMapper.class]
2020-11-25 14:57:24.135 [main][DEBUG] o.m.s.mapper.ClassPathMapperScanner  org.springframework.context.annotation.ClassPathScanningCandidateComponentProvider[437]: Identified candidate component class: URL [jar:file:/D:/amisbook%e6%96%87%e6%a1%a3/%e6%8e%a5%e6%94%b6%e7%a8%8b%e5%ba%8f-develop/lib/x3platform-membership-0.1.0-SNAPSHOT.jar!/com/x3platform/membership/mappers/StandardRoleMapper.class]
2020-11-25 14:57:24.137 [main][DEBUG] o.m.s.mapper.ClassPathMapperScanner  org.springframework.context.annotation.ClassPathScanningCandidateComponentProvider[437]: Identified candidate component class: URL [jar:file:/D:/amisbook%e6%96%87%e6%a1%a3/%e6%8e%a5%e6%94%b6%e7%a8%8b%e5%ba%8f-develop/lib/x3platform-membership-0.1.0-SNAPSHOT.jar!/com/x3platform/membership/mappers/AccountBindingMapper.class]
2020-11-25 14:57:24.138 [main][DEBUG] o.m.s.mapper.ClassPathMapperScanner  org.springframework.context.annotation.ClassPathScanningCandidateComponentProvider[437]: Identified candidate component class: URL [jar:file:/D:/amisbook%e6%96%87%e6%a1%a3/%e6%8e%a5%e6%94%b6%e7%a8%8b%e5%ba%8f-develop/lib/x3platform-membership-0.1.0-SNAPSHOT.jar!/com/x3platform/membership/mappers/GroupMapper.class]
2020-11-25 14:57:24.139 [main][DEBUG] o.m.s.mapper.ClassPathMapperScanner  org.springframework.context.annotation.ClassPathScanningCandidateComponentProvider[437]: Identified candidate component class: URL [jar:file:/D:/amisbook%e6%96%87%e6%a1%a3/%e6%8e%a5%e6%94%b6%e7%a8%8b%e5%ba%8f-develop/lib/x3platform-membership-0.1.0-SNAPSHOT.jar!/com/x3platform/membership/mappers/StandardOrganizationUnitMapper.class]
2020-11-25 14:57:24.143 [main][DEBUG] o.m.s.mapper.ClassPathMapperScanner  org.springframework.context.annotation.ClassPathScanningCandidateComponentProvider[437]: Identified candidate component class: URL [jar:file:/D:/amisbook%e6%96%87%e6%a1%a3/%e6%8e%a5%e6%94%b6%e7%a8%8b%e5%ba%8f-develop/lib/x3platform-membership-0.1.0-SNAPSHOT.jar!/com/x3platform/membership/mappers/AccountLogMapper.class]
2020-11-25 14:57:24.146 [main][DEBUG] o.m.s.mapper.ClassPathMapperScanner  org.springframework.context.annotation.ClassPathScanningCandidateComponentProvider[437]: Identified candidate component class: URL [jar:file:/D:/amisbook%e6%96%87%e6%a1%a3/%e6%8e%a5%e6%94%b6%e7%a8%8b%e5%ba%8f-develop/lib/x3platform-membership-0.1.0-SNAPSHOT.jar!/com/x3platform/membership/mappers/OrganizationMapper.class]
2020-11-25 14:57:24.146 [main][DEBUG] o.m.s.mapper.ClassPathMapperScanner  org.springframework.context.annotation.ClassPathScanningCandidateComponentProvider[437]: Identified candidate component class: URL [jar:file:/D:/amisbook%e6%96%87%e6%a1%a3/%e6%8e%a5%e6%94%b6%e7%a8%8b%e5%ba%8f-develop/lib/x3platform-membership-0.1.0-SNAPSHOT.jar!/com/x3platform/membership/mappers/AccountMapper.class]
2020-11-25 14:57:24.148 [main][DEBUG] o.m.s.mapper.ClassPathMapperScanner  org.springframework.context.annotation.ClassPathScanningCandidateComponentProvider[437]: Identified candidate component class: URL [jar:file:/D:/amisbook%e6%96%87%e6%a1%a3/%e6%8e%a5%e6%94%b6%e7%a8%8b%e5%ba%8f-develop/lib/x3platform-membership-0.1.0-SNAPSHOT.jar!/com/x3platform/membership/mappers/RoleMapper.class]
2020-11-25 14:57:24.150 [main][DEBUG] o.m.s.mapper.ClassPathMapperScanner  org.springframework.context.annotation.ClassPathScanningCandidateComponentProvider[437]: Identified candidate component class: URL [jar:file:/D:/amisbook%e6%96%87%e6%a1%a3/%e6%8e%a5%e6%94%b6%e7%a8%8b%e5%ba%8f-develop/lib/x3platform-membership-0.1.0-SNAPSHOT.jar!/com/x3platform/membership/mappers/OrganizationUnitMapper.class]
2020-11-25 14:57:24.151 [main][DEBUG] o.m.s.mapper.ClassPathMapperScanner  org.springframework.context.annotation.ClassPathScanningCandidateComponentProvider[437]: Identified candidate component class: URL [jar:file:/D:/amisbook%e6%96%87%e6%a1%a3/%e6%8e%a5%e6%94%b6%e7%a8%8b%e5%ba%8f-develop/lib/x3platform-membership-0.1.0-SNAPSHOT.jar!/com/x3platform/membership/mappers/UserMapper.class]
2020-11-25 14:57:24.152 [main][DEBUG] o.m.s.mapper.ClassPathMapperScanner  org.springframework.context.annotation.ClassPathScanningCandidateComponentProvider[437]: Identified candidate component class: URL [jar:file:/D:/amisbook%e6%96%87%e6%a1%a3/%e6%8e%a5%e6%94%b6%e7%a8%8b%e5%ba%8f-develop/lib/x3platform-membership-0.1.0-SNAPSHOT.jar!/com/x3platform/membership/mappers/AuthorizationObjectMapper.class]
2020-11-25 14:57:24.153 [main][DEBUG] o.m.s.mapper.ClassPathMapperScanner  org.springframework.context.annotation.ClassPathScanningCandidateComponentProvider[437]: Identified candidate component class: URL [jar:file:/D:/amisbook%e6%96%87%e6%a1%a3/%e6%8e%a5%e6%94%b6%e7%a8%8b%e5%ba%8f-develop/lib/x3platform-sessions-0.1.0-SNAPSHOT.jar!/com/x3platform/sessions/mappers/TicketMapper.class]
2020-11-25 14:57:24.154 [main][DEBUG] o.m.s.mapper.ClassPathMapperScanner  org.springframework.context.annotation.ClassPathScanningCandidateComponentProvider[437]: Identified candidate component class: URL [jar:file:/D:/amisbook%e6%96%87%e6%a1%a3/%e6%8e%a5%e6%94%b6%e7%a8%8b%e5%ba%8f-develop/lib/x3platform-sync-0.1.0-SNAPSHOT.jar!/com/x3platform/sync/mappers/SyncQueueMapper.class]
2020-11-25 14:57:24.161 [main][DEBUG] o.m.s.mapper.ClassPathMapperScanner  org.springframework.context.annotation.ClassPathScanningCandidateComponentProvider[437]: Identified candidate component class: URL [jar:file:/D:/amisbook%e6%96%87%e6%a1%a3/%e6%8e%a5%e6%94%b6%e7%a8%8b%e5%ba%8f-develop/lib/x3platform-sync-0.1.0-SNAPSHOT.jar!/com/x3platform/sync/mappers/SyncSettingMapper.class]
2020-11-25 14:57:24.162 [main][DEBUG] o.m.s.mapper.ClassPathMapperScanner  org.springframework.context.annotation.ClassPathScanningCandidateComponentProvider[437]: Identified candidate component class: URL [jar:file:/D:/amisbook%e6%96%87%e6%a1%a3/%e6%8e%a5%e6%94%b6%e7%a8%8b%e5%ba%8f-develop/lib/x3platform-sync-0.1.0-SNAPSHOT.jar!/com/x3platform/sync/mappers/SyncPkgMapper.class]
2020-11-25 14:57:24.168 [main][DEBUG] o.m.s.mapper.ClassPathMapperScanner  org.springframework.context.annotation.ClassPathScanningCandidateComponentProvider[437]: Identified candidate component class: URL [jar:file:/D:/amisbook%e6%96%87%e6%a1%a3/%e6%8e%a5%e6%94%b6%e7%a8%8b%e5%ba%8f-develop/lib/x3platform-abstractions-0.1.0-SNAPSHOT.jar!/com/x3platform/data/storages/mappers/DataStorageNodeMapper.class]
2020-11-25 14:57:24.168 [main][DEBUG] o.m.s.mapper.ClassPathMapperScanner  org.springframework.context.annotation.ClassPathScanningCandidateComponentProvider[437]: Identified candidate component class: URL [jar:file:/D:/amisbook%e6%96%87%e6%a1%a3/%e6%8e%a5%e6%94%b6%e7%a8%8b%e5%ba%8f-develop/lib/x3platform-abstractions-0.1.0-SNAPSHOT.jar!/com/x3platform/data/storages/mappers/DataStorageSchemaMapper.class]
2020-11-25 14:57:24.168 [main][DEBUG] o.m.s.mapper.ClassPathMapperScanner  org.springframework.context.annotation.ClassPathScanningCandidateComponentProvider[437]: Identified candidate component class: URL [jar:file:/D:/amisbook%e6%96%87%e6%a1%a3/%e6%8e%a5%e6%94%b6%e7%a8%8b%e5%ba%8f-develop/lib/x3platform-abstractions-0.1.0-SNAPSHOT.jar!/com/x3platform/security/authority/mappers/AuthorityMapper.class]
2020-11-25 14:57:24.170 [main][DEBUG] o.m.s.mapper.ClassPathMapperScanner  org.springframework.context.annotation.ClassPathScanningCandidateComponentProvider[437]: Identified candidate component class: URL [jar:file:/D:/amisbook%e6%96%87%e6%a1%a3/%e6%8e%a5%e6%94%b6%e7%a8%8b%e5%ba%8f-develop/lib/x3platform-abstractions-0.1.0-SNAPSHOT.jar!/com/x3platform/security/verificationcode/mappers/VerificationCodeMapper.class]
2020-11-25 14:57:24.176 [main][DEBUG] o.m.s.mapper.ClassPathMapperScanner  org.springframework.context.annotation.ClassPathScanningCandidateComponentProvider[437]: Identified candidate component class: URL [jar:file:/D:/amisbook%e6%96%87%e6%a1%a3/%e6%8e%a5%e6%94%b6%e7%a8%8b%e5%ba%8f-develop/lib/amiintellect-customs-b2b-1.0.0-SNAPSHOT.jar!/com/amiintellect/customs/b2b/mappers/B2bImportMapper.class]
2020-11-25 14:57:24.176 [main][DEBUG] o.m.s.mapper.ClassPathMapperScanner  org.springframework.context.annotation.ClassPathScanningCandidateComponentProvider[437]: Identified candidate component class: URL [jar:file:/D:/amisbook%e6%96%87%e6%a1%a3/%e6%8e%a5%e6%94%b6%e7%a8%8b%e5%ba%8f-develop/lib/amiintellect-customs-b2b-1.0.0-SNAPSHOT.jar!/com/amiintellect/customs/b2b/mappers/B2bMessageHeadMapper.class]
2020-11-25 14:57:24.177 [main][DEBUG] o.m.s.mapper.ClassPathMapperScanner  org.springframework.context.annotation.ClassPathScanningCandidateComponentProvider[437]: Identified candidate component class: URL [jar:file:/D:/amisbook%e6%96%87%e6%a1%a3/%e6%8e%a5%e6%94%b6%e7%a8%8b%e5%ba%8f-develop/lib/amiintellect-customs-b2b-1.0.0-SNAPSHOT.jar!/com/amiintellect/customs/b2b/mappers/SasInvtHeadTypeMapper.class]
2020-11-25 14:57:24.178 [main][DEBUG] o.m.s.mapper.ClassPathMapperScanner  org.springframework.context.annotation.ClassPathScanningCandidateComponentProvider[437]: Identified candidate component class: URL [jar:file:/D:/amisbook%e6%96%87%e6%a1%a3/%e6%8e%a5%e6%94%b6%e7%a8%8b%e5%ba%8f-develop/lib/amiintellect-customs-b2b-1.0.0-SNAPSHOT.jar!/com/amiintellect/customs/b2b/mappers/SasInvtListTypeMapper.class]
2020-11-25 14:57:24.181 [main][DEBUG] o.m.s.mapper.ClassPathMapperScanner  org.mybatis.spring.mapper.ClassPathMapperScanner[180]: Creating MapperFactoryBean with name 'digitalNumberMapper' and 'com.x3platform.digitalnumber.mappers.DigitalNumberMapper' mapperInterface
2020-11-25 14:57:24.183 [main][DEBUG] o.m.s.mapper.ClassPathMapperScanner  org.mybatis.spring.mapper.ClassPathMapperScanner[216]: Enabling autowire by type for MapperFactoryBean with name 'digitalNumberMapper'.
2020-11-25 14:57:24.183 [main][DEBUG] o.m.s.mapper.ClassPathMapperScanner  org.mybatis.spring.mapper.ClassPathMapperScanner[180]: Creating MapperFactoryBean with name 'applicationSettingGroupMapper' and 'com.x3platform.apps.mappers.ApplicationSettingGroupMapper' mapperInterface
2020-11-25 14:57:24.185 [main][DEBUG] o.m.s.mapper.ClassPathMapperScanner  org.mybatis.spring.mapper.ClassPathMapperScanner[216]: Enabling autowire by type for MapperFactoryBean with name 'applicationSettingGroupMapper'.
2020-11-25 14:57:24.186 [main][DEBUG] o.m.s.mapper.ClassPathMapperScanner  org.mybatis.spring.mapper.ClassPathMapperScanner[180]: Creating MapperFactoryBean with name 'applicationMethodMapper' and 'com.x3platform.apps.mappers.ApplicationMethodMapper' mapperInterface
2020-11-25 14:57:24.188 [main][DEBUG] o.m.s.mapper.ClassPathMapperScanner  org.mybatis.spring.mapper.ClassPathMapperScanner[216]: Enabling autowire by type for MapperFactoryBean with name 'applicationMethodMapper'.
2020-11-25 14:57:24.189 [main][DEBUG] o.m.s.mapper.ClassPathMapperScanner  org.mybatis.spring.mapper.ClassPathMapperScanner[180]: Creating MapperFactoryBean with name 'applicationSettingMapper' and 'com.x3platform.apps.mappers.ApplicationSettingMapper' mapperInterface
2020-11-25 14:57:24.190 [main][DEBUG] o.m.s.mapper.ClassPathMapperScanner  org.mybatis.spring.mapper.ClassPathMapperScanner[216]: Enabling autowire by type for MapperFactoryBean with name 'applicationSettingMapper'.
2020-11-25 14:57:24.190 [main][DEBUG] o.m.s.mapper.ClassPathMapperScanner  org.mybatis.spring.mapper.ClassPathMapperScanner[180]: Creating MapperFactoryBean with name 'applicationEventMapper' and 'com.x3platform.apps.mappers.ApplicationEventMapper' mapperInterface
2020-11-25 14:57:24.193 [main][DEBUG] o.m.s.mapper.ClassPathMapperScanner  org.mybatis.spring.mapper.ClassPathMapperScanner[216]: Enabling autowire by type for MapperFactoryBean with name 'applicationEventMapper'.
2020-11-25 14:57:24.193 [main][DEBUG] o.m.s.mapper.ClassPathMapperScanner  org.mybatis.spring.mapper.ClassPathMapperScanner[180]: Creating MapperFactoryBean with name 'applicationFeatureMapper' and 'com.x3platform.apps.mappers.ApplicationFeatureMapper' mapperInterface
2020-11-25 14:57:24.196 [main][DEBUG] o.m.s.mapper.ClassPathMapperScanner  org.mybatis.spring.mapper.ClassPathMapperScanner[216]: Enabling autowire by type for MapperFactoryBean with name 'applicationFeatureMapper'.
2020-11-25 14:57:24.197 [main][DEBUG] o.m.s.mapper.ClassPathMapperScanner  org.mybatis.spring.mapper.ClassPathMapperScanner[180]: Creating MapperFactoryBean with name 'applicationOptionMapper' and 'com.x3platform.apps.mappers.ApplicationOptionMapper' mapperInterface
2020-11-25 14:57:24.199 [main][DEBUG] o.m.s.mapper.ClassPathMapperScanner  org.mybatis.spring.mapper.ClassPathMapperScanner[216]: Enabling autowire by type for MapperFactoryBean with name 'applicationOptionMapper'.
2020-11-25 14:57:24.199 [main][DEBUG] o.m.s.mapper.ClassPathMapperScanner  org.mybatis.spring.mapper.ClassPathMapperScanner[180]: Creating MapperFactoryBean with name 'applicationMapper' and 'com.x3platform.apps.mappers.ApplicationMapper' mapperInterface
2020-11-25 14:57:24.201 [main][DEBUG] o.m.s.mapper.ClassPathMapperScanner  org.mybatis.spring.mapper.ClassPathMapperScanner[216]: Enabling autowire by type for MapperFactoryBean with name 'applicationMapper'.
2020-11-25 14:57:24.201 [main][DEBUG] o.m.s.mapper.ClassPathMapperScanner  org.mybatis.spring.mapper.ClassPathMapperScanner[180]: Creating MapperFactoryBean with name 'applicationMenuMapper' and 'com.x3platform.apps.mappers.ApplicationMenuMapper' mapperInterface
2020-11-25 14:57:24.203 [main][DEBUG] o.m.s.mapper.ClassPathMapperScanner  org.mybatis.spring.mapper.ClassPathMapperScanner[216]: Enabling autowire by type for MapperFactoryBean with name 'applicationMenuMapper'.
2020-11-25 14:57:24.203 [main][DEBUG] o.m.s.mapper.ClassPathMapperScanner  org.mybatis.spring.mapper.ClassPathMapperScanner[180]: Creating MapperFactoryBean with name 'connectCallMapper' and 'com.x3platform.connect.mappers.ConnectCallMapper' mapperInterface
2020-11-25 14:57:24.204 [main][DEBUG] o.m.s.mapper.ClassPathMapperScanner  org.mybatis.spring.mapper.ClassPathMapperScanner[216]: Enabling autowire by type for MapperFactoryBean with name 'connectCallMapper'.
2020-11-25 14:57:24.207 [main][DEBUG] o.m.s.mapper.ClassPathMapperScanner  org.mybatis.spring.mapper.ClassPathMapperScanner[180]: Creating MapperFactoryBean with name 'connectAuthorizationCodeMapper' and 'com.x3platform.connect.mappers.ConnectAuthorizationCodeMapper' mapperInterface
2020-11-25 14:57:24.208 [main][DEBUG] o.m.s.mapper.ClassPathMapperScanner  org.mybatis.spring.mapper.ClassPathMapperScanner[216]: Enabling autowire by type for MapperFactoryBean with name 'connectAuthorizationCodeMapper'.
2020-11-25 14:57:24.211 [main][DEBUG] o.m.s.mapper.ClassPathMapperScanner  org.mybatis.spring.mapper.ClassPathMapperScanner[180]: Creating MapperFactoryBean with name 'connectMapper' and 'com.x3platform.connect.mappers.ConnectMapper' mapperInterface
2020-11-25 14:57:24.211 [main][DEBUG] o.m.s.mapper.ClassPathMapperScanner  org.mybatis.spring.mapper.ClassPathMapperScanner[216]: Enabling autowire by type for MapperFactoryBean with name 'connectMapper'.
2020-11-25 14:57:24.213 [main][DEBUG] o.m.s.mapper.ClassPathMapperScanner  org.mybatis.spring.mapper.ClassPathMapperScanner[180]: Creating MapperFactoryBean with name 'connectAccessTokenMapper' and 'com.x3platform.connect.mappers.ConnectAccessTokenMapper' mapperInterface
2020-11-25 14:57:24.213 [main][DEBUG] o.m.s.mapper.ClassPathMapperScanner  org.mybatis.spring.mapper.ClassPathMapperScanner[216]: Enabling autowire by type for MapperFactoryBean with name 'connectAccessTokenMapper'.
2020-11-25 14:57:24.214 [main][DEBUG] o.m.s.mapper.ClassPathMapperScanner  org.mybatis.spring.mapper.ClassPathMapperScanner[180]: Creating MapperFactoryBean with name 'standardRoleMapper' and 'com.x3platform.membership.mappers.StandardRoleMapper' mapperInterface
2020-11-25 14:57:24.215 [main][DEBUG] o.m.s.mapper.ClassPathMapperScanner  org.mybatis.spring.mapper.ClassPathMapperScanner[216]: Enabling autowire by type for MapperFactoryBean with name 'standardRoleMapper'.
2020-11-25 14:57:24.216 [main][DEBUG] o.m.s.mapper.ClassPathMapperScanner  org.mybatis.spring.mapper.ClassPathMapperScanner[180]: Creating MapperFactoryBean with name 'accountBindingMapper' and 'com.x3platform.membership.mappers.AccountBindingMapper' mapperInterface
2020-11-25 14:57:24.218 [main][DEBUG] o.m.s.mapper.ClassPathMapperScanner  org.mybatis.spring.mapper.ClassPathMapperScanner[216]: Enabling autowire by type for MapperFactoryBean with name 'accountBindingMapper'.
2020-11-25 14:57:24.219 [main][DEBUG] o.m.s.mapper.ClassPathMapperScanner  org.mybatis.spring.mapper.ClassPathMapperScanner[180]: Creating MapperFactoryBean with name 'groupMapper' and 'com.x3platform.membership.mappers.GroupMapper' mapperInterface
2020-11-25 14:57:24.221 [main][DEBUG] o.m.s.mapper.ClassPathMapperScanner  org.mybatis.spring.mapper.ClassPathMapperScanner[216]: Enabling autowire by type for MapperFactoryBean with name 'groupMapper'.
2020-11-25 14:57:24.221 [main][DEBUG] o.m.s.mapper.ClassPathMapperScanner  org.mybatis.spring.mapper.ClassPathMapperScanner[180]: Creating MapperFactoryBean with name 'standardOrganizationUnitMapper' and 'com.x3platform.membership.mappers.StandardOrganizationUnitMapper' mapperInterface
2020-11-25 14:57:24.222 [main][DEBUG] o.m.s.mapper.ClassPathMapperScanner  org.mybatis.spring.mapper.ClassPathMapperScanner[216]: Enabling autowire by type for MapperFactoryBean with name 'standardOrganizationUnitMapper'.
2020-11-25 14:57:24.224 [main][DEBUG] o.m.s.mapper.ClassPathMapperScanner  org.mybatis.spring.mapper.ClassPathMapperScanner[180]: Creating MapperFactoryBean with name 'accountLogMapper' and 'com.x3platform.membership.mappers.AccountLogMapper' mapperInterface
2020-11-25 14:57:24.226 [main][DEBUG] o.m.s.mapper.ClassPathMapperScanner  org.mybatis.spring.mapper.ClassPathMapperScanner[216]: Enabling autowire by type for MapperFactoryBean with name 'accountLogMapper'.
2020-11-25 14:57:24.226 [main][DEBUG] o.m.s.mapper.ClassPathMapperScanner  org.mybatis.spring.mapper.ClassPathMapperScanner[180]: Creating MapperFactoryBean with name 'organizationMapper' and 'com.x3platform.membership.mappers.OrganizationMapper' mapperInterface
2020-11-25 14:57:24.229 [main][DEBUG] o.m.s.mapper.ClassPathMapperScanner  org.mybatis.spring.mapper.ClassPathMapperScanner[216]: Enabling autowire by type for MapperFactoryBean with name 'organizationMapper'.
2020-11-25 14:57:24.230 [main][DEBUG] o.m.s.mapper.ClassPathMapperScanner  org.mybatis.spring.mapper.ClassPathMapperScanner[180]: Creating MapperFactoryBean with name 'accountMapper' and 'com.x3platform.membership.mappers.AccountMapper' mapperInterface
2020-11-25 14:57:24.232 [main][DEBUG] o.m.s.mapper.ClassPathMapperScanner  org.mybatis.spring.mapper.ClassPathMapperScanner[216]: Enabling autowire by type for MapperFactoryBean with name 'accountMapper'.
2020-11-25 14:57:24.232 [main][DEBUG] o.m.s.mapper.ClassPathMapperScanner  org.mybatis.spring.mapper.ClassPathMapperScanner[180]: Creating MapperFactoryBean with name 'roleMapper' and 'com.x3platform.membership.mappers.RoleMapper' mapperInterface
2020-11-25 14:57:24.233 [main][DEBUG] o.m.s.mapper.ClassPathMapperScanner  org.mybatis.spring.mapper.ClassPathMapperScanner[216]: Enabling autowire by type for MapperFactoryBean with name 'roleMapper'.
2020-11-25 14:57:24.234 [main][DEBUG] o.m.s.mapper.ClassPathMapperScanner  org.mybatis.spring.mapper.ClassPathMapperScanner[180]: Creating MapperFactoryBean with name 'organizationUnitMapper' and 'com.x3platform.membership.mappers.OrganizationUnitMapper' mapperInterface
2020-11-25 14:57:24.235 [main][DEBUG] o.m.s.mapper.ClassPathMapperScanner  org.mybatis.spring.mapper.ClassPathMapperScanner[216]: Enabling autowire by type for MapperFactoryBean with name 'organizationUnitMapper'.
2020-11-25 14:57:24.236 [main][DEBUG] o.m.s.mapper.ClassPathMapperScanner  org.mybatis.spring.mapper.ClassPathMapperScanner[180]: Creating MapperFactoryBean with name 'userMapper' and 'com.x3platform.membership.mappers.UserMapper' mapperInterface
2020-11-25 14:57:24.236 [main][DEBUG] o.m.s.mapper.ClassPathMapperScanner  org.mybatis.spring.mapper.ClassPathMapperScanner[216]: Enabling autowire by type for MapperFactoryBean with name 'userMapper'.
2020-11-25 14:57:24.236 [main][DEBUG] o.m.s.mapper.ClassPathMapperScanner  org.mybatis.spring.mapper.ClassPathMapperScanner[180]: Creating MapperFactoryBean with name 'authorizationObjectMapper' and 'com.x3platform.membership.mappers.AuthorizationObjectMapper' mapperInterface
2020-11-25 14:57:24.240 [main][DEBUG] o.m.s.mapper.ClassPathMapperScanner  org.mybatis.spring.mapper.ClassPathMapperScanner[216]: Enabling autowire by type for MapperFactoryBean with name 'authorizationObjectMapper'.
2020-11-25 14:57:24.241 [main][DEBUG] o.m.s.mapper.ClassPathMapperScanner  org.mybatis.spring.mapper.ClassPathMapperScanner[180]: Creating MapperFactoryBean with name 'ticketMapper' and 'com.x3platform.sessions.mappers.TicketMapper' mapperInterface
2020-11-25 14:57:24.245 [main][DEBUG] o.m.s.mapper.ClassPathMapperScanner  org.mybatis.spring.mapper.ClassPathMapperScanner[216]: Enabling autowire by type for MapperFactoryBean with name 'ticketMapper'.
2020-11-25 14:57:24.245 [main][DEBUG] o.m.s.mapper.ClassPathMapperScanner  org.mybatis.spring.mapper.ClassPathMapperScanner[180]: Creating MapperFactoryBean with name 'syncQueueMapper' and 'com.x3platform.sync.mappers.SyncQueueMapper' mapperInterface
2020-11-25 14:57:24.246 [main][DEBUG] o.m.s.mapper.ClassPathMapperScanner  org.mybatis.spring.mapper.ClassPathMapperScanner[216]: Enabling autowire by type for MapperFactoryBean with name 'syncQueueMapper'.
2020-11-25 14:57:24.247 [main][DEBUG] o.m.s.mapper.ClassPathMapperScanner  org.mybatis.spring.mapper.ClassPathMapperScanner[180]: Creating MapperFactoryBean with name 'syncSettingMapper' and 'com.x3platform.sync.mappers.SyncSettingMapper' mapperInterface
2020-11-25 14:57:24.248 [main][DEBUG] o.m.s.mapper.ClassPathMapperScanner  org.mybatis.spring.mapper.ClassPathMapperScanner[216]: Enabling autowire by type for MapperFactoryBean with name 'syncSettingMapper'.
2020-11-25 14:57:24.248 [main][DEBUG] o.m.s.mapper.ClassPathMapperScanner  org.mybatis.spring.mapper.ClassPathMapperScanner[180]: Creating MapperFactoryBean with name 'syncPkgMapper' and 'com.x3platform.sync.mappers.SyncPkgMapper' mapperInterface
2020-11-25 14:57:24.250 [main][DEBUG] o.m.s.mapper.ClassPathMapperScanner  org.mybatis.spring.mapper.ClassPathMapperScanner[216]: Enabling autowire by type for MapperFactoryBean with name 'syncPkgMapper'.
2020-11-25 14:57:24.252 [main][DEBUG] o.m.s.mapper.ClassPathMapperScanner  org.mybatis.spring.mapper.ClassPathMapperScanner[180]: Creating MapperFactoryBean with name 'dataStorageNodeMapper' and 'com.x3platform.data.storages.mappers.DataStorageNodeMapper' mapperInterface
2020-11-25 14:57:24.253 [main][DEBUG] o.m.s.mapper.ClassPathMapperScanner  org.mybatis.spring.mapper.ClassPathMapperScanner[216]: Enabling autowire by type for MapperFactoryBean with name 'dataStorageNodeMapper'.
2020-11-25 14:57:24.255 [main][DEBUG] o.m.s.mapper.ClassPathMapperScanner  org.mybatis.spring.mapper.ClassPathMapperScanner[180]: Creating MapperFactoryBean with name 'dataStorageSchemaMapper' and 'com.x3platform.data.storages.mappers.DataStorageSchemaMapper' mapperInterface
2020-11-25 14:57:24.255 [main][DEBUG] o.m.s.mapper.ClassPathMapperScanner  org.mybatis.spring.mapper.ClassPathMapperScanner[216]: Enabling autowire by type for MapperFactoryBean with name 'dataStorageSchemaMapper'.
2020-11-25 14:57:24.256 [main][DEBUG] o.m.s.mapper.ClassPathMapperScanner  org.mybatis.spring.mapper.ClassPathMapperScanner[180]: Creating MapperFactoryBean with name 'authorityMapper' and 'com.x3platform.security.authority.mappers.AuthorityMapper' mapperInterface
2020-11-25 14:57:24.257 [main][DEBUG] o.m.s.mapper.ClassPathMapperScanner  org.mybatis.spring.mapper.ClassPathMapperScanner[216]: Enabling autowire by type for MapperFactoryBean with name 'authorityMapper'.
2020-11-25 14:57:24.260 [main][DEBUG] o.m.s.mapper.ClassPathMapperScanner  org.mybatis.spring.mapper.ClassPathMapperScanner[180]: Creating MapperFactoryBean with name 'verificationCodeMapper' and 'com.x3platform.security.verificationcode.mappers.VerificationCodeMapper' mapperInterface
2020-11-25 14:57:24.263 [main][DEBUG] o.m.s.mapper.ClassPathMapperScanner  org.mybatis.spring.mapper.ClassPathMapperScanner[216]: Enabling autowire by type for MapperFactoryBean with name 'verificationCodeMapper'.
2020-11-25 14:57:24.263 [main][DEBUG] o.m.s.mapper.ClassPathMapperScanner  org.mybatis.spring.mapper.ClassPathMapperScanner[180]: Creating MapperFactoryBean with name 'b2bImportMapper' and 'com.amiintellect.customs.b2b.mappers.B2bImportMapper' mapperInterface
2020-11-25 14:57:24.265 [main][DEBUG] o.m.s.mapper.ClassPathMapperScanner  org.mybatis.spring.mapper.ClassPathMapperScanner[216]: Enabling autowire by type for MapperFactoryBean with name 'b2bImportMapper'.
2020-11-25 14:57:24.268 [main][DEBUG] o.m.s.mapper.ClassPathMapperScanner  org.mybatis.spring.mapper.ClassPathMapperScanner[180]: Creating MapperFactoryBean with name 'b2bMessageHeadMapper' and 'com.amiintellect.customs.b2b.mappers.B2bMessageHeadMapper' mapperInterface
2020-11-25 14:57:24.268 [main][DEBUG] o.m.s.mapper.ClassPathMapperScanner  org.mybatis.spring.mapper.ClassPathMapperScanner[216]: Enabling autowire by type for MapperFactoryBean with name 'b2bMessageHeadMapper'.
2020-11-25 14:57:24.269 [main][DEBUG] o.m.s.mapper.ClassPathMapperScanner  org.mybatis.spring.mapper.ClassPathMapperScanner[180]: Creating MapperFactoryBean with name 'sasInvtHeadTypeMapper' and 'com.amiintellect.customs.b2b.mappers.SasInvtHeadTypeMapper' mapperInterface
2020-11-25 14:57:24.270 [main][DEBUG] o.m.s.mapper.ClassPathMapperScanner  org.mybatis.spring.mapper.ClassPathMapperScanner[216]: Enabling autowire by type for MapperFactoryBean with name 'sasInvtHeadTypeMapper'.
2020-11-25 14:57:24.271 [main][DEBUG] o.m.s.mapper.ClassPathMapperScanner  org.mybatis.spring.mapper.ClassPathMapperScanner[180]: Creating MapperFactoryBean with name 'sasInvtListTypeMapper' and 'com.amiintellect.customs.b2b.mappers.SasInvtListTypeMapper' mapperInterface
2020-11-25 14:57:24.274 [main][DEBUG] o.m.s.mapper.ClassPathMapperScanner  org.mybatis.spring.mapper.ClassPathMapperScanner[216]: Enabling autowire by type for MapperFactoryBean with name 'sasInvtListTypeMapper'.
2020-11-25 14:57:24.277 [main][INFO ] com.x3platform.InternalLogger        com.x3platform.data.DynamicDataSourceRegister[97]: Dynamic DataSource Registry
2020-11-25 14:57:26.752 [main][DEBUG] o.m.spring.SqlSessionFactoryBean     org.mybatis.spring.SqlSessionFactoryBean[534]: Property 'mapperLocations' was not specified or no matching resources found
2020-11-25 14:57:26.988 [main][INFO ] com.x3platform.InternalLogger        com.x3platform.SpringContext[18]: Spring ApplicationContext registered
2020-11-25 14:57:27.028 [main][INFO ] com.x3platform.InternalLogger        com.amiintellect.customs.sync.worker.config.RabbitConfig[68]: RabbitMQ 开始建立连接。
2020-11-25 14:57:27.056 [main][INFO ] com.x3platform.InternalLogger        com.amiintellect.customs.sync.worker.config.RabbitConfig[77]: RabbitMQ 建立完成。
2020-11-25 14:57:40.025 [main][INFO ] com.x3platform.InternalLogger        com.x3platform.KernelContext[101]: AuthenticationManagementType:com.x3platform.security.authentication.LocalAuthenticationManagement
2020-11-25 14:57:41.886 [messageContainer-1][WARN ] o.s.a.r.l.BlockingQueueConsumer      org.springframework.amqp.rabbit.listener.BlockingQueueConsumer[705]: Failed to declare queue: 10000003_sync_test
2020-11-25 14:57:41.895 [messageContainer-1][WARN ] o.s.a.r.l.BlockingQueueConsumer      org.springframework.amqp.rabbit.listener.BlockingQueueConsumer[597]: Queue declaration failed; retries left=3
org.springframework.amqp.rabbit.listener.BlockingQueueConsumer$DeclarationException: Failed to declare queue(s):[10000003_sync_test]
	at org.springframework.amqp.rabbit.listener.BlockingQueueConsumer.attemptPassiveDeclarations(BlockingQueueConsumer.java:711)
	at org.springframework.amqp.rabbit.listener.BlockingQueueConsumer.start(BlockingQueueConsumer.java:588)
	at org.springframework.amqp.rabbit.listener.SimpleMessageListenerContainer$AsyncMessageProcessingConsumer.run(SimpleMessageListenerContainer.java:964)
	at java.lang.Thread.run(Thread.java:745)
Caused by: java.io.IOException: null
	at com.rabbitmq.client.impl.AMQChannel.wrap(AMQChannel.java:126)
	at com.rabbitmq.client.impl.AMQChannel.wrap(AMQChannel.java:122)
	at com.rabbitmq.client.impl.AMQChannel.exnWrappingRpc(AMQChannel.java:144)
	at com.rabbitmq.client.impl.ChannelN.queueDeclarePassive(ChannelN.java:991)
	at com.rabbitmq.client.impl.ChannelN.queueDeclarePassive(ChannelN.java:52)
	at org.springframework.amqp.rabbit.support.PublisherCallbackChannelImpl.queueDeclarePassive(PublisherCallbackChannelImpl.java:313)
	at sun.reflect.NativeMethodAccessorImpl.invoke0(Native Method)
	at sun.reflect.NativeMethodAccessorImpl.invoke(NativeMethodAccessorImpl.java:62)
	at sun.reflect.DelegatingMethodAccessorImpl.invoke(DelegatingMethodAccessorImpl.java:43)
	at java.lang.reflect.Method.invoke(Method.java:498)
	at org.springframework.amqp.rabbit.connection.CachingConnectionFactory$CachedChannelInvocationHandler.invoke(CachingConnectionFactory.java:981)
	at com.sun.proxy.$Proxy145.queueDeclarePassive(Unknown Source)
	at org.springframework.amqp.rabbit.listener.BlockingQueueConsumer.attemptPassiveDeclarations(BlockingQueueConsumer.java:690)
	... 3 common frames omitted
Caused by: com.rabbitmq.client.ShutdownSignalException: channel error; protocol method: #method<channel.close>(reply-code=404, reply-text=NOT_FOUND - no queue '10000003_sync_test' in vhost '/', class-id=50, method-id=10)
	at com.rabbitmq.utility.ValueOrException.getValue(ValueOrException.java:66)
	at com.rabbitmq.utility.BlockingValueOrException.uninterruptibleGetValue(BlockingValueOrException.java:36)
	at com.rabbitmq.client.impl.AMQChannel$BlockingRpcContinuation.getReply(AMQChannel.java:494)
	at com.rabbitmq.client.impl.AMQChannel.privateRpc(AMQChannel.java:288)
	at com.rabbitmq.client.impl.AMQChannel.exnWrappingRpc(AMQChannel.java:138)
	... 13 common frames omitted
Caused by: com.rabbitmq.client.ShutdownSignalException: channel error; protocol method: #method<channel.close>(reply-code=404, reply-text=NOT_FOUND - no queue '10000003_sync_test' in vhost '/', class-id=50, method-id=10)
	at com.rabbitmq.client.impl.ChannelN.asyncShutdown(ChannelN.java:504)
	at com.rabbitmq.client.impl.ChannelN.processAsync(ChannelN.java:346)
	at com.rabbitmq.client.impl.AMQChannel.handleCompleteInboundCommand(AMQChannel.java:178)
	at com.rabbitmq.client.impl.AMQChannel.handleFrame(AMQChannel.java:111)
	at com.rabbitmq.client.impl.AMQConnection.readFrame(AMQConnection.java:643)
	at com.rabbitmq.client.impl.AMQConnection.access$300(AMQConnection.java:47)
	at com.rabbitmq.client.impl.AMQConnection$MainLoop.run(AMQConnection.java:581)
	... 1 common frames omitted
2020-11-25 14:57:47.014 [messageContainer-1][WARN ] o.s.a.r.l.BlockingQueueConsumer      org.springframework.amqp.rabbit.listener.BlockingQueueConsumer[705]: Failed to declare queue: 10000003_sync_test
2020-11-25 14:57:47.016 [messageContainer-1][WARN ] o.s.a.r.l.BlockingQueueConsumer      org.springframework.amqp.rabbit.listener.BlockingQueueConsumer[597]: Queue declaration failed; retries left=2
org.springframework.amqp.rabbit.listener.BlockingQueueConsumer$DeclarationException: Failed to declare queue(s):[10000003_sync_test]
	at org.springframework.amqp.rabbit.listener.BlockingQueueConsumer.attemptPassiveDeclarations(BlockingQueueConsumer.java:711)
	at org.springframework.amqp.rabbit.listener.BlockingQueueConsumer.start(BlockingQueueConsumer.java:588)
	at org.springframework.amqp.rabbit.listener.SimpleMessageListenerContainer$AsyncMessageProcessingConsumer.run(SimpleMessageListenerContainer.java:964)
	at java.lang.Thread.run(Thread.java:745)
Caused by: java.io.IOException: null
	at com.rabbitmq.client.impl.AMQChannel.wrap(AMQChannel.java:126)
	at com.rabbitmq.client.impl.AMQChannel.wrap(AMQChannel.java:122)
	at com.rabbitmq.client.impl.AMQChannel.exnWrappingRpc(AMQChannel.java:144)
	at com.rabbitmq.client.impl.ChannelN.queueDeclarePassive(ChannelN.java:991)
	at com.rabbitmq.client.impl.ChannelN.queueDeclarePassive(ChannelN.java:52)
	at org.springframework.amqp.rabbit.support.PublisherCallbackChannelImpl.queueDeclarePassive(PublisherCallbackChannelImpl.java:313)
	at sun.reflect.NativeMethodAccessorImpl.invoke0(Native Method)
	at sun.reflect.NativeMethodAccessorImpl.invoke(NativeMethodAccessorImpl.java:62)
	at sun.reflect.DelegatingMethodAccessorImpl.invoke(DelegatingMethodAccessorImpl.java:43)
	at java.lang.reflect.Method.invoke(Method.java:498)
	at org.springframework.amqp.rabbit.connection.CachingConnectionFactory$CachedChannelInvocationHandler.invoke(CachingConnectionFactory.java:981)
	at com.sun.proxy.$Proxy145.queueDeclarePassive(Unknown Source)
	at org.springframework.amqp.rabbit.listener.BlockingQueueConsumer.attemptPassiveDeclarations(BlockingQueueConsumer.java:690)
	... 3 common frames omitted
Caused by: com.rabbitmq.client.ShutdownSignalException: channel error; protocol method: #method<channel.close>(reply-code=404, reply-text=NOT_FOUND - no queue '10000003_sync_test' in vhost '/', class-id=50, method-id=10)
	at com.rabbitmq.utility.ValueOrException.getValue(ValueOrException.java:66)
	at com.rabbitmq.utility.BlockingValueOrException.uninterruptibleGetValue(BlockingValueOrException.java:36)
	at com.rabbitmq.client.impl.AMQChannel$BlockingRpcContinuation.getReply(AMQChannel.java:494)
	at com.rabbitmq.client.impl.AMQChannel.privateRpc(AMQChannel.java:288)
	at com.rabbitmq.client.impl.AMQChannel.exnWrappingRpc(AMQChannel.java:138)
	... 13 common frames omitted
Caused by: com.rabbitmq.client.ShutdownSignalException: channel error; protocol method: #method<channel.close>(reply-code=404, reply-text=NOT_FOUND - no queue '10000003_sync_test' in vhost '/', class-id=50, method-id=10)
	at com.rabbitmq.client.impl.ChannelN.asyncShutdown(ChannelN.java:504)
	at com.rabbitmq.client.impl.ChannelN.processAsync(ChannelN.java:346)
	at com.rabbitmq.client.impl.AMQChannel.handleCompleteInboundCommand(AMQChannel.java:178)
	at com.rabbitmq.client.impl.AMQChannel.handleFrame(AMQChannel.java:111)
	at com.rabbitmq.client.impl.AMQConnection.readFrame(AMQConnection.java:643)
	at com.rabbitmq.client.impl.AMQConnection.access$300(AMQConnection.java:47)
	at com.rabbitmq.client.impl.AMQConnection$MainLoop.run(AMQConnection.java:581)
	... 1 common frames omitted
2020-11-25 14:57:52.132 [messageContainer-1][WARN ] o.s.a.r.l.BlockingQueueConsumer      org.springframework.amqp.rabbit.listener.BlockingQueueConsumer[705]: Failed to declare queue: 10000003_sync_test
2020-11-25 14:57:52.134 [messageContainer-1][WARN ] o.s.a.r.l.BlockingQueueConsumer      org.springframework.amqp.rabbit.listener.BlockingQueueConsumer[597]: Queue declaration failed; retries left=1
org.springframework.amqp.rabbit.listener.BlockingQueueConsumer$DeclarationException: Failed to declare queue(s):[10000003_sync_test]
	at org.springframework.amqp.rabbit.listener.BlockingQueueConsumer.attemptPassiveDeclarations(BlockingQueueConsumer.java:711)
	at org.springframework.amqp.rabbit.listener.BlockingQueueConsumer.start(BlockingQueueConsumer.java:588)
	at org.springframework.amqp.rabbit.listener.SimpleMessageListenerContainer$AsyncMessageProcessingConsumer.run(SimpleMessageListenerContainer.java:964)
	at java.lang.Thread.run(Thread.java:745)
Caused by: java.io.IOException: null
	at com.rabbitmq.client.impl.AMQChannel.wrap(AMQChannel.java:126)
	at com.rabbitmq.client.impl.AMQChannel.wrap(AMQChannel.java:122)
	at com.rabbitmq.client.impl.AMQChannel.exnWrappingRpc(AMQChannel.java:144)
	at com.rabbitmq.client.impl.ChannelN.queueDeclarePassive(ChannelN.java:991)
	at com.rabbitmq.client.impl.ChannelN.queueDeclarePassive(ChannelN.java:52)
	at org.springframework.amqp.rabbit.support.PublisherCallbackChannelImpl.queueDeclarePassive(PublisherCallbackChannelImpl.java:313)
	at sun.reflect.NativeMethodAccessorImpl.invoke0(Native Method)
	at sun.reflect.NativeMethodAccessorImpl.invoke(NativeMethodAccessorImpl.java:62)
	at sun.reflect.DelegatingMethodAccessorImpl.invoke(DelegatingMethodAccessorImpl.java:43)
	at java.lang.reflect.Method.invoke(Method.java:498)
	at org.springframework.amqp.rabbit.connection.CachingConnectionFactory$CachedChannelInvocationHandler.invoke(CachingConnectionFactory.java:981)
	at com.sun.proxy.$Proxy145.queueDeclarePassive(Unknown Source)
	at org.springframework.amqp.rabbit.listener.BlockingQueueConsumer.attemptPassiveDeclarations(BlockingQueueConsumer.java:690)
	... 3 common frames omitted
Caused by: com.rabbitmq.client.ShutdownSignalException: channel error; protocol method: #method<channel.close>(reply-code=404, reply-text=NOT_FOUND - no queue '10000003_sync_test' in vhost '/', class-id=50, method-id=10)
	at com.rabbitmq.utility.ValueOrException.getValue(ValueOrException.java:66)
	at com.rabbitmq.utility.BlockingValueOrException.uninterruptibleGetValue(BlockingValueOrException.java:36)
	at com.rabbitmq.client.impl.AMQChannel$BlockingRpcContinuation.getReply(AMQChannel.java:494)
	at com.rabbitmq.client.impl.AMQChannel.privateRpc(AMQChannel.java:288)
	at com.rabbitmq.client.impl.AMQChannel.exnWrappingRpc(AMQChannel.java:138)
	... 13 common frames omitted
Caused by: com.rabbitmq.client.ShutdownSignalException: channel error; protocol method: #method<channel.close>(reply-code=404, reply-text=NOT_FOUND - no queue '10000003_sync_test' in vhost '/', class-id=50, method-id=10)
	at com.rabbitmq.client.impl.ChannelN.asyncShutdown(ChannelN.java:504)
	at com.rabbitmq.client.impl.ChannelN.processAsync(ChannelN.java:346)
	at com.rabbitmq.client.impl.AMQChannel.handleCompleteInboundCommand(AMQChannel.java:178)
	at com.rabbitmq.client.impl.AMQChannel.handleFrame(AMQChannel.java:111)
	at com.rabbitmq.client.impl.AMQConnection.readFrame(AMQConnection.java:643)
	at com.rabbitmq.client.impl.AMQConnection.access$300(AMQConnection.java:47)
	at com.rabbitmq.client.impl.AMQConnection$MainLoop.run(AMQConnection.java:581)
	... 1 common frames omitted
2020-11-25 14:58:27.748 [main][INFO ] c.a.customs.sync.worker.App          org.springframework.boot.StartupInfoLogger[50]: Starting App v1.0 on dalong with PID 3112 (started by 59621 in D:\amisbook文档\接收程序-develop)
2020-11-25 14:58:27.751 [main][DEBUG] c.a.customs.sync.worker.App          org.springframework.boot.StartupInfoLogger[53]: Running with Spring Boot v2.0.2.RELEASE, Spring v5.0.6.RELEASE
2020-11-25 14:58:27.753 [main][INFO ] c.a.customs.sync.worker.App          org.springframework.boot.SpringApplication[663]: The following profiles are active: prod
